This is pdfTeX, Version 3.14159265-2.6-1.40.18 (MiKTeX 2.9.6350 64-bit) (preloaded format=pdflatex 2017.7.17)  18 JUL 2017 20:44
entering extended mode
**./praca.tex
(praca.tex
LaTeX2e <2017-04-15>
Babel <3.10> and hyphenation patterns for 75 language(s) loaded.
(D:\Pobrane\Texmaker\Miktex\tex\latex\base\report.cls
Document Class: report 2014/09/29 v1.4h Standard LaTeX document class
(D:\Pobrane\Texmaker\Miktex\tex\latex\base\size12.clo
File: size12.clo 2014/09/29 v1.4h Standard LaTeX file (size option)
)
\c@part=\count79
\c@chapter=\count80
\c@section=\count81
\c@subsection=\count82
\c@subsubsection=\count83
\c@paragraph=\count84
\c@subparagraph=\count85
\c@figure=\count86
\c@table=\count87
\abovecaptionskip=\skip41
\belowcaptionskip=\skip42
\bibindent=\dimen102
)
(D:\Pobrane\Texmaker\Miktex\tex\latex\base\fontenc.sty
Package: fontenc 2017/04/05 v2.0i Standard LaTeX package

(D:\Pobrane\Texmaker\Miktex\tex\latex\base\t1enc.def
File: t1enc.def 2017/04/05 v2.0i Standard LaTeX file
LaTeX Font Info:    Redeclaring font encoding T1 on input line 48.
))
(D:\Pobrane\Texmaker\Miktex\tex\latex\base\inputenc.sty
Package: inputenc 2015/03/17 v1.2c Input encoding file
\inpenc@prehook=\toks14
\inpenc@posthook=\toks15

(D:\Pobrane\Texmaker\Miktex\tex\latex\base\utf8.def
File: utf8.def 2017/01/28 v1.1t UTF-8 support for inputenc
Now handling font encoding OML ...
... no UTF-8 mapping file for font encoding OML
Now handling font encoding T1 ...
... processing UTF-8 mapping file for font encoding T1

(D:\Pobrane\Texmaker\Miktex\tex\latex\base\t1enc.dfu
File: t1enc.dfu 2017/01/28 v1.1t UTF-8 support for inputenc
   defining Unicode char U+00A0 (decimal 160)
   defining Unicode char U+00A1 (decimal 161)
   defining Unicode char U+00A3 (decimal 163)
   defining Unicode char U+00AB (decimal 171)
   defining Unicode char U+00AD (decimal 173)
   defining Unicode char U+00BB (decimal 187)
   defining Unicode char U+00BF (decimal 191)
   defining Unicode char U+00C0 (decimal 192)
   defining Unicode char U+00C1 (decimal 193)
   defining Unicode char U+00C2 (decimal 194)
   defining Unicode char U+00C3 (decimal 195)
   defining Unicode char U+00C4 (decimal 196)
   defining Unicode char U+00C5 (decimal 197)
   defining Unicode char U+00C6 (decimal 198)
   defining Unicode char U+00C7 (decimal 199)
   defining Unicode char U+00C8 (decimal 200)
   defining Unicode char U+00C9 (decimal 201)
   defining Unicode char U+00CA (decimal 202)
   defining Unicode char U+00CB (decimal 203)
   defining Unicode char U+00CC (decimal 204)
   defining Unicode char U+00CD (decimal 205)
   defining Unicode char U+00CE (decimal 206)
   defining Unicode char U+00CF (decimal 207)
   defining Unicode char U+00D0 (decimal 208)
   defining Unicode char U+00D1 (decimal 209)
   defining Unicode char U+00D2 (decimal 210)
   defining Unicode char U+00D3 (decimal 211)
   defining Unicode char U+00D4 (decimal 212)
   defining Unicode char U+00D5 (decimal 213)
   defining Unicode char U+00D6 (decimal 214)
   defining Unicode char U+00D8 (decimal 216)
   defining Unicode char U+00D9 (decimal 217)
   defining Unicode char U+00DA (decimal 218)
   defining Unicode char U+00DB (decimal 219)
   defining Unicode char U+00DC (decimal 220)
   defining Unicode char U+00DD (decimal 221)
   defining Unicode char U+00DE (decimal 222)
   defining Unicode char U+00DF (decimal 223)
   defining Unicode char U+00E0 (decimal 224)
   defining Unicode char U+00E1 (decimal 225)
   defining Unicode char U+00E2 (decimal 226)
   defining Unicode char U+00E3 (decimal 227)
   defining Unicode char U+00E4 (decimal 228)
   defining Unicode char U+00E5 (decimal 229)
   defining Unicode char U+00E6 (decimal 230)
   defining Unicode char U+00E7 (decimal 231)
   defining Unicode char U+00E8 (decimal 232)
   defining Unicode char U+00E9 (decimal 233)
   defining Unicode char U+00EA (decimal 234)
   defining Unicode char U+00EB (decimal 235)
   defining Unicode char U+00EC (decimal 236)
   defining Unicode char U+00ED (decimal 237)
   defining Unicode char U+00EE (decimal 238)
   defining Unicode char U+00EF (decimal 239)
   defining Unicode char U+00F0 (decimal 240)
   defining Unicode char U+00F1 (decimal 241)
   defining Unicode char U+00F2 (decimal 242)
   defining Unicode char U+00F3 (decimal 243)
   defining Unicode char U+00F4 (decimal 244)
   defining Unicode char U+00F5 (decimal 245)
   defining Unicode char U+00F6 (decimal 246)
   defining Unicode char U+00F8 (decimal 248)
   defining Unicode char U+00F9 (decimal 249)
   defining Unicode char U+00FA (decimal 250)
   defining Unicode char U+00FB (decimal 251)
   defining Unicode char U+00FC (decimal 252)
   defining Unicode char U+00FD (decimal 253)
   defining Unicode char U+00FE (decimal 254)
   defining Unicode char U+00FF (decimal 255)
   defining Unicode char U+0100 (decimal 256)
   defining Unicode char U+0101 (decimal 257)
   defining Unicode char U+0102 (decimal 258)
   defining Unicode char U+0103 (decimal 259)
   defining Unicode char U+0104 (decimal 260)
   defining Unicode char U+0105 (decimal 261)
   defining Unicode char U+0106 (decimal 262)
   defining Unicode char U+0107 (decimal 263)
   defining Unicode char U+0108 (decimal 264)
   defining Unicode char U+0109 (decimal 265)
   defining Unicode char U+010A (decimal 266)
   defining Unicode char U+010B (decimal 267)
   defining Unicode char U+010C (decimal 268)
   defining Unicode char U+010D (decimal 269)
   defining Unicode char U+010E (decimal 270)
   defining Unicode char U+010F (decimal 271)
   defining Unicode char U+0110 (decimal 272)
   defining Unicode char U+0111 (decimal 273)
   defining Unicode char U+0112 (decimal 274)
   defining Unicode char U+0113 (decimal 275)
   defining Unicode char U+0114 (decimal 276)
   defining Unicode char U+0115 (decimal 277)
   defining Unicode char U+0116 (decimal 278)
   defining Unicode char U+0117 (decimal 279)
   defining Unicode char U+0118 (decimal 280)
   defining Unicode char U+0119 (decimal 281)
   defining Unicode char U+011A (decimal 282)
   defining Unicode char U+011B (decimal 283)
   defining Unicode char U+011C (decimal 284)
   defining Unicode char U+011D (decimal 285)
   defining Unicode char U+011E (decimal 286)
   defining Unicode char U+011F (decimal 287)
   defining Unicode char U+0120 (decimal 288)
   defining Unicode char U+0121 (decimal 289)
   defining Unicode char U+0122 (decimal 290)
   defining Unicode char U+0123 (decimal 291)
   defining Unicode char U+0124 (decimal 292)
   defining Unicode char U+0125 (decimal 293)
   defining Unicode char U+0128 (decimal 296)
   defining Unicode char U+0129 (decimal 297)
   defining Unicode char U+012A (decimal 298)
   defining Unicode char U+012B (decimal 299)
   defining Unicode char U+012C (decimal 300)
   defining Unicode char U+012D (decimal 301)
   defining Unicode char U+012E (decimal 302)
   defining Unicode char U+012F (decimal 303)
   defining Unicode char U+0130 (decimal 304)
   defining Unicode char U+0131 (decimal 305)
   defining Unicode char U+0132 (decimal 306)
   defining Unicode char U+0133 (decimal 307)
   defining Unicode char U+0134 (decimal 308)
   defining Unicode char U+0135 (decimal 309)
   defining Unicode char U+0136 (decimal 310)
   defining Unicode char U+0137 (decimal 311)
   defining Unicode char U+0139 (decimal 313)
   defining Unicode char U+013A (decimal 314)
   defining Unicode char U+013B (decimal 315)
   defining Unicode char U+013C (decimal 316)
   defining Unicode char U+013D (decimal 317)
   defining Unicode char U+013E (decimal 318)
   defining Unicode char U+0141 (decimal 321)
   defining Unicode char U+0142 (decimal 322)
   defining Unicode char U+0143 (decimal 323)
   defining Unicode char U+0144 (decimal 324)
   defining Unicode char U+0145 (decimal 325)
   defining Unicode char U+0146 (decimal 326)
   defining Unicode char U+0147 (decimal 327)
   defining Unicode char U+0148 (decimal 328)
   defining Unicode char U+014A (decimal 330)
   defining Unicode char U+014B (decimal 331)
   defining Unicode char U+014C (decimal 332)
   defining Unicode char U+014D (decimal 333)
   defining Unicode char U+014E (decimal 334)
   defining Unicode char U+014F (decimal 335)
   defining Unicode char U+0150 (decimal 336)
   defining Unicode char U+0151 (decimal 337)
   defining Unicode char U+0152 (decimal 338)
   defining Unicode char U+0153 (decimal 339)
   defining Unicode char U+0154 (decimal 340)
   defining Unicode char U+0155 (decimal 341)
   defining Unicode char U+0156 (decimal 342)
   defining Unicode char U+0157 (decimal 343)
   defining Unicode char U+0158 (decimal 344)
   defining Unicode char U+0159 (decimal 345)
   defining Unicode char U+015A (decimal 346)
   defining Unicode char U+015B (decimal 347)
   defining Unicode char U+015C (decimal 348)
   defining Unicode char U+015D (decimal 349)
   defining Unicode char U+015E (decimal 350)
   defining Unicode char U+015F (decimal 351)
   defining Unicode char U+0160 (decimal 352)
   defining Unicode char U+0161 (decimal 353)
   defining Unicode char U+0162 (decimal 354)
   defining Unicode char U+0163 (decimal 355)
   defining Unicode char U+0164 (decimal 356)
   defining Unicode char U+0165 (decimal 357)
   defining Unicode char U+0168 (decimal 360)
   defining Unicode char U+0169 (decimal 361)
   defining Unicode char U+016A (decimal 362)
   defining Unicode char U+016B (decimal 363)
   defining Unicode char U+016C (decimal 364)
   defining Unicode char U+016D (decimal 365)
   defining Unicode char U+016E (decimal 366)
   defining Unicode char U+016F (decimal 367)
   defining Unicode char U+0170 (decimal 368)
   defining Unicode char U+0171 (decimal 369)
   defining Unicode char U+0172 (decimal 370)
   defining Unicode char U+0173 (decimal 371)
   defining Unicode char U+0174 (decimal 372)
   defining Unicode char U+0175 (decimal 373)
   defining Unicode char U+0176 (decimal 374)
   defining Unicode char U+0177 (decimal 375)
   defining Unicode char U+0178 (decimal 376)
   defining Unicode char U+0179 (decimal 377)
   defining Unicode char U+017A (decimal 378)
   defining Unicode char U+017B (decimal 379)
   defining Unicode char U+017C (decimal 380)
   defining Unicode char U+017D (decimal 381)
   defining Unicode char U+017E (decimal 382)
   defining Unicode char U+01CD (decimal 461)
   defining Unicode char U+01CE (decimal 462)
   defining Unicode char U+01CF (decimal 463)
   defining Unicode char U+01D0 (decimal 464)
   defining Unicode char U+01D1 (decimal 465)
   defining Unicode char U+01D2 (decimal 466)
   defining Unicode char U+01D3 (decimal 467)
   defining Unicode char U+01D4 (decimal 468)
   defining Unicode char U+01E2 (decimal 482)
   defining Unicode char U+01E3 (decimal 483)
   defining Unicode char U+01E6 (decimal 486)
   defining Unicode char U+01E7 (decimal 487)
   defining Unicode char U+01E8 (decimal 488)
   defining Unicode char U+01E9 (decimal 489)
   defining Unicode char U+01EA (decimal 490)
   defining Unicode char U+01EB (decimal 491)
   defining Unicode char U+01F0 (decimal 496)
   defining Unicode char U+01F4 (decimal 500)
   defining Unicode char U+01F5 (decimal 501)
   defining Unicode char U+0218 (decimal 536)
   defining Unicode char U+0219 (decimal 537)
   defining Unicode char U+021A (decimal 538)
   defining Unicode char U+021B (decimal 539)
   defining Unicode char U+0232 (decimal 562)
   defining Unicode char U+0233 (decimal 563)
   defining Unicode char U+1E02 (decimal 7682)
   defining Unicode char U+1E03 (decimal 7683)
   defining Unicode char U+200C (decimal 8204)
   defining Unicode char U+2010 (decimal 8208)
   defining Unicode char U+2011 (decimal 8209)
   defining Unicode char U+2012 (decimal 8210)
   defining Unicode char U+2013 (decimal 8211)
   defining Unicode char U+2014 (decimal 8212)
   defining Unicode char U+2015 (decimal 8213)
   defining Unicode char U+2018 (decimal 8216)
   defining Unicode char U+2019 (decimal 8217)
   defining Unicode char U+201A (decimal 8218)
   defining Unicode char U+201C (decimal 8220)
   defining Unicode char U+201D (decimal 8221)
   defining Unicode char U+201E (decimal 8222)
   defining Unicode char U+2030 (decimal 8240)
   defining Unicode char U+2031 (decimal 8241)
   defining Unicode char U+2039 (decimal 8249)
   defining Unicode char U+203A (decimal 8250)
   defining Unicode char U+2423 (decimal 9251)
   defining Unicode char U+1E20 (decimal 7712)
   defining Unicode char U+1E21 (decimal 7713)
)
Now handling font encoding OT1 ...
... processing UTF-8 mapping file for font encoding OT1

(D:\Pobrane\Texmaker\Miktex\tex\latex\base\ot1enc.dfu
File: ot1enc.dfu 2017/01/28 v1.1t UTF-8 support for inputenc
   defining Unicode char U+00A0 (decimal 160)
   defining Unicode char U+00A1 (decimal 161)
   defining Unicode char U+00A3 (decimal 163)
   defining Unicode char U+00AD (decimal 173)
   defining Unicode char U+00B8 (decimal 184)
   defining Unicode char U+00BF (decimal 191)
   defining Unicode char U+00C5 (decimal 197)
   defining Unicode char U+00C6 (decimal 198)
   defining Unicode char U+00D8 (decimal 216)
   defining Unicode char U+00DF (decimal 223)
   defining Unicode char U+00E6 (decimal 230)
   defining Unicode char U+00EC (decimal 236)
   defining Unicode char U+00ED (decimal 237)
   defining Unicode char U+00EE (decimal 238)
   defining Unicode char U+00EF (decimal 239)
   defining Unicode char U+00F8 (decimal 248)
   defining Unicode char U+0131 (decimal 305)
   defining Unicode char U+0141 (decimal 321)
   defining Unicode char U+0142 (decimal 322)
   defining Unicode char U+0152 (decimal 338)
   defining Unicode char U+0153 (decimal 339)
   defining Unicode char U+0174 (decimal 372)
   defining Unicode char U+0175 (decimal 373)
   defining Unicode char U+0176 (decimal 374)
   defining Unicode char U+0177 (decimal 375)
   defining Unicode char U+0218 (decimal 536)
   defining Unicode char U+0219 (decimal 537)
   defining Unicode char U+021A (decimal 538)
   defining Unicode char U+021B (decimal 539)
   defining Unicode char U+2013 (decimal 8211)
   defining Unicode char U+2014 (decimal 8212)
   defining Unicode char U+2018 (decimal 8216)
   defining Unicode char U+2019 (decimal 8217)
   defining Unicode char U+201C (decimal 8220)
   defining Unicode char U+201D (decimal 8221)
)
Now handling font encoding OMS ...
... processing UTF-8 mapping file for font encoding OMS

(D:\Pobrane\Texmaker\Miktex\tex\latex\base\omsenc.dfu
File: omsenc.dfu 2017/01/28 v1.1t UTF-8 support for inputenc
   defining Unicode char U+00A7 (decimal 167)
   defining Unicode char U+00B6 (decimal 182)
   defining Unicode char U+00B7 (decimal 183)
   defining Unicode char U+2020 (decimal 8224)
   defining Unicode char U+2021 (decimal 8225)
   defining Unicode char U+2022 (decimal 8226)
)
Now handling font encoding OMX ...
... no UTF-8 mapping file for font encoding OMX
Now handling font encoding U ...
... no UTF-8 mapping file for font encoding U
   defining Unicode char U+00A9 (decimal 169)
   defining Unicode char U+00AA (decimal 170)
   defining Unicode char U+00AE (decimal 174)
   defining Unicode char U+00BA (decimal 186)
   defining Unicode char U+02C6 (decimal 710)
   defining Unicode char U+02DC (decimal 732)
   defining Unicode char U+200C (decimal 8204)
   defining Unicode char U+2026 (decimal 8230)
   defining Unicode char U+2122 (decimal 8482)
   defining Unicode char U+2423 (decimal 9251)
))
(D:\Pobrane\Texmaker\Miktex\tex\latex\caption\caption.sty
Package: caption 2016/02/21 v3.3-144 Customizing captions (AR)

(D:\Pobrane\Texmaker\Miktex\tex\latex\caption\caption3.sty
Package: caption3 2016/05/22 v1.7-166 caption3 kernel (AR)
Package caption3 Info: TeX engine: e-TeX on input line 67.

(D:\Pobrane\Texmaker\Miktex\tex\latex\graphics\keyval.sty
Package: keyval 2014/10/28 v1.15 key=value parser (DPC)
\KV@toks@=\toks16
)
\captionmargin=\dimen103
\captionmargin@=\dimen104
\captionwidth=\dimen105
\caption@tempdima=\dimen106
\caption@indent=\dimen107
\caption@parindent=\dimen108
\caption@hangindent=\dimen109
)
\c@ContinuedFloat=\count88
)
(D:\Pobrane\Texmaker\Miktex\tex\latex\adjustbox\adjustbox.sty
Package: adjustbox 2012/05/21 v1.0 Adjusting TeX boxes (trim, clip, ...)

(D:\Pobrane\Texmaker\Miktex\tex\latex\xkeyval\xkeyval.sty
Package: xkeyval 2014/12/03 v2.7a package option processing (HA)

(D:\Pobrane\Texmaker\Miktex\tex\generic\xkeyval\xkeyval.tex
(D:\Pobrane\Texmaker\Miktex\tex\generic\xkeyval\xkvutils.tex
\XKV@toks=\toks17
\XKV@tempa@toks=\toks18
)
\XKV@depth=\count89
File: xkeyval.tex 2014/12/03 v2.7a key=value parser (HA)
))
(D:\Pobrane\Texmaker\Miktex\tex\latex\adjustbox\adjcalc.sty
Package: adjcalc 2012/05/16 v1.1 Provides advanced setlength with multiple back
-ends (calc, etex, pgfmath)
)
(D:\Pobrane\Texmaker\Miktex\tex\latex\adjustbox\trimclip.sty
Package: trimclip 2012/05/16 v1.0 Trim and clip general TeX material

(D:\Pobrane\Texmaker\Miktex\tex\latex\graphics\graphicx.sty
Package: graphicx 2014/10/28 v1.0g Enhanced LaTeX Graphics (DPC,SPQR)

(D:\Pobrane\Texmaker\Miktex\tex\latex\graphics\graphics.sty
Package: graphics 2017/04/14 v1.1b Standard LaTeX Graphics (DPC,SPQR)

(D:\Pobrane\Texmaker\Miktex\tex\latex\graphics\trig.sty
Package: trig 2016/01/03 v1.10 sin cos tan (DPC)
)
(D:\Pobrane\Texmaker\Miktex\tex\latex\graphics-cfg\graphics.cfg
File: graphics.cfg 2016/06/04 v1.11 sample graphics configuration
)
Package graphics Info: Driver file: pdftex.def on input line 99.

(D:\Pobrane\Texmaker\Miktex\tex\latex\graphics-def\pdftex.def
File: pdftex.def 2017/01/12 v0.06k Graphics/color for pdfTeX

(D:\Pobrane\Texmaker\Miktex\tex\generic\oberdiek\infwarerr.sty
Package: infwarerr 2016/05/16 v1.4 Providing info/warning/error messages (HO)
)
(D:\Pobrane\Texmaker\Miktex\tex\generic\oberdiek\ltxcmds.sty
Package: ltxcmds 2016/05/16 v1.23 LaTeX kernel commands for general use (HO)
)
\Gread@gobject=\count90
))
\Gin@req@height=\dimen110
\Gin@req@width=\dimen111
)
(D:\Pobrane\Texmaker\Miktex\tex\latex\collectbox\collectbox.sty
Package: collectbox 2012/05/17 v0.4b Collect macro arguments as boxes
\collectedbox=\box26
)
\tc@llx=\dimen112
\tc@lly=\dimen113
\tc@urx=\dimen114
\tc@ury=\dimen115
Package trimclip Info: Using driver 'tc-pdftex.def'.

(D:\Pobrane\Texmaker\Miktex\tex\latex\adjustbox\tc-pdftex.def
File: tc-pdftex.def 2012/05/13 v1.0 Clipping driver for pdftex
))
\adjbox@Width=\dimen116
\adjbox@Height=\dimen117
\adjbox@Depth=\dimen118
\adjbox@Totalheight=\dimen119

(D:\Pobrane\Texmaker\Miktex\tex\latex\ifoddpage\ifoddpage.sty
Package: ifoddpage 2016/04/23 v1.1 Conditionals for odd/even page detection
\c@checkoddpage=\count91
)
(D:\Pobrane\Texmaker\Miktex\tex\latex\ltxmisc\varwidth.sty
Package: varwidth 2009/03/30 ver 0.92;  Variable-width minipages
\@vwid@box=\box27
\sift@deathcycles=\count92
\@vwid@loff=\dimen120
\@vwid@roff=\dimen121
))
(D:\Pobrane\Texmaker\Miktex\tex\latex\amsmath\amsmath.sty
Package: amsmath 2016/11/05 v2.16a AMS math features
\@mathmargin=\skip43

For additional information on amsmath, use the `?' option.
(D:\Pobrane\Texmaker\Miktex\tex\latex\amsmath\amstext.sty
Package: amstext 2000/06/29 v2.01 AMS text

(D:\Pobrane\Texmaker\Miktex\tex\latex\amsmath\amsgen.sty
File: amsgen.sty 1999/11/30 v2.0 generic functions
\@emptytoks=\toks19
\ex@=\dimen122
))
(D:\Pobrane\Texmaker\Miktex\tex\latex\amsmath\amsbsy.sty
Package: amsbsy 1999/11/29 v1.2d Bold Symbols
\pmbraise@=\dimen123
)
(D:\Pobrane\Texmaker\Miktex\tex\latex\amsmath\amsopn.sty
Package: amsopn 2016/03/08 v2.02 operator names
)
\inf@bad=\count93
LaTeX Info: Redefining \frac on input line 213.
\uproot@=\count94
\leftroot@=\count95
LaTeX Info: Redefining \overline on input line 375.
\classnum@=\count96
\DOTSCASE@=\count97
LaTeX Info: Redefining \ldots on input line 472.
LaTeX Info: Redefining \dots on input line 475.
LaTeX Info: Redefining \cdots on input line 596.
\Mathstrutbox@=\box28
\strutbox@=\box29
\big@size=\dimen124
LaTeX Font Info:    Redeclaring font encoding OML on input line 712.
LaTeX Font Info:    Redeclaring font encoding OMS on input line 713.
\macc@depth=\count98
\c@MaxMatrixCols=\count99
\dotsspace@=\muskip10
\c@parentequation=\count100
\dspbrk@lvl=\count101
\tag@help=\toks20
\row@=\count102
\column@=\count103
\maxfields@=\count104
\andhelp@=\toks21
\eqnshift@=\dimen125
\alignsep@=\dimen126
\tagshift@=\dimen127
\tagwidth@=\dimen128
\totwidth@=\dimen129
\lineht@=\dimen130
\@envbody=\toks22
\multlinegap=\skip44
\multlinetaggap=\skip45
\mathdisplay@stack=\toks23
LaTeX Info: Redefining \[ on input line 2817.
LaTeX Info: Redefining \] on input line 2818.
)
(D:\Pobrane\Texmaker\Miktex\tex\latex\amsfonts\amssymb.sty
Package: amssymb 2013/01/14 v3.01 AMS font symbols

(D:\Pobrane\Texmaker\Miktex\tex\latex\amsfonts\amsfonts.sty
Package: amsfonts 2013/01/14 v3.01 Basic AMSFonts support
\symAMSa=\mathgroup4
\symAMSb=\mathgroup5
LaTeX Font Info:    Overwriting math alphabet `\mathfrak' in version `bold'
(Font)                  U/euf/m/n --> U/euf/b/n on input line 106.
))
(D:\Pobrane\Texmaker\Miktex\tex\latex\txfonts\txfonts.sty
Package: txfonts 2008/01/22 v3.2.1
LaTeX Font Info:    Redeclaring symbol font `operators' on input line 21.
LaTeX Font Info:    Overwriting symbol font `operators' in version `normal'
(Font)                  OT1/cmr/m/n --> OT1/txr/m/n on input line 21.
LaTeX Font Info:    Overwriting symbol font `operators' in version `bold'
(Font)                  OT1/cmr/bx/n --> OT1/txr/m/n on input line 21.
LaTeX Font Info:    Overwriting symbol font `operators' in version `bold'
(Font)                  OT1/txr/m/n --> OT1/txr/bx/n on input line 22.
\symitalic=\mathgroup6
LaTeX Font Info:    Overwriting symbol font `italic' in version `bold'
(Font)                  OT1/txr/m/it --> OT1/txr/bx/it on input line 26.
LaTeX Font Info:    Redeclaring math alphabet \mathbf on input line 29.
LaTeX Font Info:    Overwriting math alphabet `\mathbf' in version `normal'
(Font)                  OT1/cmr/bx/n --> OT1/txr/bx/n on input line 29.
LaTeX Font Info:    Overwriting math alphabet `\mathbf' in version `bold'
(Font)                  OT1/cmr/bx/n --> OT1/txr/bx/n on input line 29.
LaTeX Font Info:    Redeclaring math alphabet \mathit on input line 30.
LaTeX Font Info:    Overwriting math alphabet `\mathit' in version `normal'
(Font)                  OT1/cmr/m/it --> OT1/txr/m/it on input line 30.
LaTeX Font Info:    Overwriting math alphabet `\mathit' in version `bold'
(Font)                  OT1/cmr/bx/it --> OT1/txr/m/it on input line 30.
LaTeX Font Info:    Overwriting math alphabet `\mathit' in version `bold'
(Font)                  OT1/txr/m/it --> OT1/txr/bx/it on input line 31.
LaTeX Font Info:    Redeclaring math alphabet \mathsf on input line 40.
LaTeX Font Info:    Overwriting math alphabet `\mathsf' in version `normal'
(Font)                  OT1/cmss/m/n --> OT1/txss/m/n on input line 40.
LaTeX Font Info:    Overwriting math alphabet `\mathsf' in version `bold'
(Font)                  OT1/cmss/bx/n --> OT1/txss/m/n on input line 40.
LaTeX Font Info:    Overwriting math alphabet `\mathsf' in version `bold'
(Font)                  OT1/txss/m/n --> OT1/txss/b/n on input line 41.
LaTeX Font Info:    Redeclaring math alphabet \mathtt on input line 50.
LaTeX Font Info:    Overwriting math alphabet `\mathtt' in version `normal'
(Font)                  OT1/cmtt/m/n --> OT1/txtt/m/n on input line 50.
LaTeX Font Info:    Overwriting math alphabet `\mathtt' in version `bold'
(Font)                  OT1/cmtt/m/n --> OT1/txtt/m/n on input line 50.
LaTeX Font Info:    Overwriting math alphabet `\mathtt' in version `bold'
(Font)                  OT1/txtt/m/n --> OT1/txtt/b/n on input line 51.
LaTeX Font Info:    Redeclaring symbol font `letters' on input line 58.
LaTeX Font Info:    Overwriting symbol font `letters' in version `normal'
(Font)                  OML/cmm/m/it --> OML/txmi/m/it on input line 58.
LaTeX Font Info:    Overwriting symbol font `letters' in version `bold'
(Font)                  OML/cmm/b/it --> OML/txmi/m/it on input line 58.
LaTeX Font Info:    Overwriting symbol font `letters' in version `bold'
(Font)                  OML/txmi/m/it --> OML/txmi/bx/it on input line 59.
\symlettersA=\mathgroup7
LaTeX Font Info:    Overwriting symbol font `lettersA' in version `bold'
(Font)                  U/txmia/m/it --> U/txmia/bx/it on input line 67.
LaTeX Font Info:    Redeclaring math alphabet \mathfrak on input line 70.
LaTeX Font Info:    Redeclaring symbol font `symbols' on input line 77.
LaTeX Font Info:    Overwriting symbol font `symbols' in version `normal'
(Font)                  OMS/cmsy/m/n --> OMS/txsy/m/n on input line 77.
LaTeX Font Info:    Overwriting symbol font `symbols' in version `bold'
(Font)                  OMS/cmsy/b/n --> OMS/txsy/m/n on input line 77.
LaTeX Font Info:    Overwriting symbol font `symbols' in version `bold'
(Font)                  OMS/txsy/m/n --> OMS/txsy/bx/n on input line 78.
LaTeX Font Info:    Redeclaring symbol font `AMSa' on input line 93.
LaTeX Font Info:    Overwriting symbol font `AMSa' in version `normal'
(Font)                  U/msa/m/n --> U/txsya/m/n on input line 93.
LaTeX Font Info:    Overwriting symbol font `AMSa' in version `bold'
(Font)                  U/msa/m/n --> U/txsya/m/n on input line 93.
LaTeX Font Info:    Overwriting symbol font `AMSa' in version `bold'
(Font)                  U/txsya/m/n --> U/txsya/bx/n on input line 94.
LaTeX Font Info:    Redeclaring symbol font `AMSb' on input line 102.
LaTeX Font Info:    Overwriting symbol font `AMSb' in version `normal'
(Font)                  U/msb/m/n --> U/txsyb/m/n on input line 102.
LaTeX Font Info:    Overwriting symbol font `AMSb' in version `bold'
(Font)                  U/msb/m/n --> U/txsyb/m/n on input line 102.
LaTeX Font Info:    Overwriting symbol font `AMSb' in version `bold'
(Font)                  U/txsyb/m/n --> U/txsyb/bx/n on input line 103.
\symsymbolsC=\mathgroup8
LaTeX Font Info:    Overwriting symbol font `symbolsC' in version `bold'
(Font)                  U/txsyc/m/n --> U/txsyc/bx/n on input line 113.
LaTeX Font Info:    Redeclaring symbol font `largesymbols' on input line 120.
LaTeX Font Info:    Overwriting symbol font `largesymbols' in version `normal'
(Font)                  OMX/cmex/m/n --> OMX/txex/m/n on input line 120.
LaTeX Font Info:    Overwriting symbol font `largesymbols' in version `bold'
(Font)                  OMX/cmex/m/n --> OMX/txex/m/n on input line 120.
LaTeX Font Info:    Overwriting symbol font `largesymbols' in version `bold'
(Font)                  OMX/txex/m/n --> OMX/txex/bx/n on input line 121.
\symlargesymbolsA=\mathgroup9
LaTeX Font Info:    Overwriting symbol font `largesymbolsA' in version `bold'
(Font)                  U/txexa/m/n --> U/txexa/bx/n on input line 129.
LaTeX Info: Redefining \not on input line 1043.
)
(D:\Pobrane\Texmaker\Miktex\tex\latex\listings\listings.sty
\lst@mode=\count105
\lst@gtempboxa=\box30
\lst@token=\toks24
\lst@length=\count106
\lst@currlwidth=\dimen131
\lst@column=\count107
\lst@pos=\count108
\lst@lostspace=\dimen132
\lst@width=\dimen133
\lst@newlines=\count109
\lst@lineno=\count110
\lst@maxwidth=\dimen134

(D:\Pobrane\Texmaker\Miktex\tex\latex\listings\lstmisc.sty
File: lstmisc.sty 2015/06/04 1.6 (Carsten Heinz)
\c@lstnumber=\count111
\lst@skipnumbers=\count112
\lst@framebox=\box31
)
(D:\Pobrane\Texmaker\Miktex\tex\latex\listings\listings.cfg
File: listings.cfg 2015/06/04 1.6 listings configuration
))
Package: listings 2015/06/04 1.6 (Carsten Heinz)

(D:\Pobrane\Texmaker\Miktex\tex\latex\float\float.sty
Package: float 2001/11/08 v1.3d Float enhancements (AL)
\c@float@type=\count113
\float@exts=\toks25
\float@box=\box32
\@float@everytoks=\toks26
\@floatcapt=\box33
)
(D:\Pobrane\Texmaker\Miktex\tex\latex\graphics\color.sty
Package: color 2016/07/10 v1.1e Standard LaTeX Color (DPC)

(D:\Pobrane\Texmaker\Miktex\tex\latex\graphics-cfg\color.cfg
File: color.cfg 2016/01/02 v1.6 sample color configuration
)
Package color Info: Driver file: pdftex.def on input line 147.
)
(D:\Pobrane\Texmaker\Miktex\tex\latex\xcolor\xcolor.sty
Package: xcolor 2016/05/11 v2.12 LaTeX color extensions (UK)

(D:\Pobrane\Texmaker\Miktex\tex\latex\graphics-cfg\color.cfg
File: color.cfg 2016/01/02 v1.6 sample color configuration
)
Package xcolor Info: Driver file: pdftex.def on input line 225.
LaTeX Info: Redefining \color on input line 709.
Package xcolor Info: Model `cmy' substituted by `cmy0' on input line 1348.
Package xcolor Info: Model `hsb' substituted by `rgb' on input line 1352.
Package xcolor Info: Model `RGB' extended on input line 1364.
Package xcolor Info: Model `HTML' substituted by `rgb' on input line 1366.
Package xcolor Info: Model `Hsb' substituted by `hsb' on input line 1367.
Package xcolor Info: Model `tHsb' substituted by `hsb' on input line 1368.
Package xcolor Info: Model `HSB' substituted by `hsb' on input line 1369.
Package xcolor Info: Model `Gray' substituted by `gray' on input line 1370.
Package xcolor Info: Model `wave' substituted by `hsb' on input line 1371.
)
(D:\Pobrane\Texmaker\Miktex\tex\latex\enumitem\enumitem.sty
Package: enumitem 2011/09/28 v3.5.2 Customized lists
\labelindent=\skip46
\enit@outerparindent=\dimen135
\enit@toks=\toks27
\enit@inbox=\box34
\enitdp@description=\count114
)
\c@definition=\count115
\c@example=\count116
\c@corollary=\count117

("C:\Users\Artur\Documents\Visual Studio 2015\Projects\NodeJs_Repo\praca\build\
praca.aux")
\openout1 = `praca.aux'.

LaTeX Font Info:    Checking defaults for OML/txmi/m/it on input line 112.
LaTeX Font Info:    Try loading font information for OML+txmi on input line 112
.
 (D:\Pobrane\Texmaker\Miktex\tex\latex\txfonts\omltxmi.fd
File: omltxmi.fd 2000/12/15 v3.1
)
LaTeX Font Info:    ... okay on input line 112.
LaTeX Font Info:    Checking defaults for T1/cmr/m/n on input line 112.
LaTeX Font Info:    ... okay on input line 112.
LaTeX Font Info:    Checking defaults for OT1/cmr/m/n on input line 112.
LaTeX Font Info:    ... okay on input line 112.
LaTeX Font Info:    Checking defaults for OMS/txsy/m/n on input line 112.
LaTeX Font Info:    Try loading font information for OMS+txsy on input line 112
.

(D:\Pobrane\Texmaker\Miktex\tex\latex\txfonts\omstxsy.fd
File: omstxsy.fd 2000/12/15 v3.1
)
LaTeX Font Info:    ... okay on input line 112.
LaTeX Font Info:    Checking defaults for OMX/txex/m/n on input line 112.
LaTeX Font Info:    Try loading font information for OMX+txex on input line 112
.

(D:\Pobrane\Texmaker\Miktex\tex\latex\txfonts\omxtxex.fd
File: omxtxex.fd 2000/12/15 v3.1
)
LaTeX Font Info:    ... okay on input line 112.
LaTeX Font Info:    Checking defaults for U/txexa/m/n on input line 112.
LaTeX Font Info:    Try loading font information for U+txexa on input line 112.


(D:\Pobrane\Texmaker\Miktex\tex\latex\txfonts\utxexa.fd
File: utxexa.fd 2000/12/15 v3.1
)
LaTeX Font Info:    ... okay on input line 112.
LaTeX Font Info:    Try loading font information for T1+txr on input line 112.

(D:\Pobrane\Texmaker\Miktex\tex\latex\txfonts\t1txr.fd
File: t1txr.fd 2000/12/15 v3.1
)
Package caption Info: Begin \AtBeginDocument code.
Package caption Info: float package is loaded.
Package caption Info: listings package is loaded.
Package caption Info: End \AtBeginDocument code.

(D:\Pobrane\Texmaker\Miktex\tex\context\base\supp-pdf.mkii
[Loading MPS to PDF converter (version 2006.09.02).]
\scratchcounter=\count118
\scratchdimen=\dimen136
\scratchbox=\box35
\nofMPsegments=\count119
\nofMParguments=\count120
\everyMPshowfont=\toks28
\MPscratchCnt=\count121
\MPscratchDim=\dimen137
\MPnumerator=\count122
\makeMPintoPDFobject=\count123
\everyMPtoPDFconversion=\toks29
) (D:\Pobrane\Texmaker\Miktex\tex\generic\oberdiek\pdftexcmds.sty
Package: pdftexcmds 2017/03/19 v0.25 Utility functions of pdfTeX for LuaTeX (HO
)

(D:\Pobrane\Texmaker\Miktex\tex\generic\oberdiek\ifluatex.sty
Package: ifluatex 2016/05/16 v1.4 Provides the ifluatex switch (HO)
Package ifluatex Info: LuaTeX not detected.
)
(D:\Pobrane\Texmaker\Miktex\tex\generic\oberdiek\ifpdf.sty
Package: ifpdf 2017/03/15 v3.2 Provides the ifpdf switch
)
Package pdftexcmds Info: LuaTeX not detected.
Package pdftexcmds Info: \pdf@primitive is available.
Package pdftexcmds Info: \pdf@ifprimitive is available.
Package pdftexcmds Info: \pdfdraftmode found.
)
(D:\Pobrane\Texmaker\Miktex\tex\latex\oberdiek\epstopdf-base.sty
Package: epstopdf-base 2016/05/15 v2.6 Base part for package epstopdf

(D:\Pobrane\Texmaker\Miktex\tex\latex\oberdiek\grfext.sty
Package: grfext 2016/05/16 v1.2 Manage graphics extensions (HO)

(D:\Pobrane\Texmaker\Miktex\tex\generic\oberdiek\kvdefinekeys.sty
Package: kvdefinekeys 2016/05/16 v1.4 Define keys (HO)
))
(D:\Pobrane\Texmaker\Miktex\tex\latex\oberdiek\kvoptions.sty
Package: kvoptions 2016/05/16 v3.12 Key value format for package options (HO)

(D:\Pobrane\Texmaker\Miktex\tex\generic\oberdiek\kvsetkeys.sty
Package: kvsetkeys 2016/05/16 v1.17 Key value parser (HO)

(D:\Pobrane\Texmaker\Miktex\tex\generic\oberdiek\etexcmds.sty
Package: etexcmds 2016/05/16 v1.6 Avoid name clashes with e-TeX commands (HO)
Package etexcmds Info: Could not find \expanded.
(etexcmds)             That can mean that you are not using pdfTeX 1.50 or
(etexcmds)             that some package has redefined \expanded.
(etexcmds)             In the latter case, load this package earlier.
)))
Package epstopdf-base Info: Redefining graphics rule for `.eps' on input line 4
38.
Package grfext Info: Graphics extension search list:
(grfext)             [.png,.pdf,.jpg,.mps,.jpeg,.jbig2,.jb2,.PNG,.PDF,.JPG,.JPE
G,.JBIG2,.JB2,.eps]
(grfext)             \AppendGraphicsExtensions on input line 456.
)
\c@lstlisting=\count124
 [1

{C:/ProgramData/MiKTeX/2.9/pdftex/config/pdftex.map}]
("C:\Users\Artur\Documents\Visual Studio 2015\Projects\NodeJs_Repo\praca\build\
praca.toc"
LaTeX Font Info:    Try loading font information for OT1+txr on input line 2.
 (D:\Pobrane\Texmaker\Miktex\tex\latex\txfonts\ot1txr.fd
File: ot1txr.fd 2000/12/15 v3.1
)
LaTeX Font Info:    Try loading font information for U+txsya on input line 2.

(D:\Pobrane\Texmaker\Miktex\tex\latex\txfonts\utxsya.fd
File: utxsya.fd 2000/12/15 v3.1
)
LaTeX Font Info:    Try loading font information for U+txsyb on input line 2.

(D:\Pobrane\Texmaker\Miktex\tex\latex\txfonts\utxsyb.fd
File: utxsyb.fd 2000/12/15 v3.1
)
LaTeX Font Info:    Try loading font information for U+txmia on input line 2.

(D:\Pobrane\Texmaker\Miktex\tex\latex\txfonts\utxmia.fd
File: utxmia.fd 2000/12/15 v3.1
)
LaTeX Font Info:    Try loading font information for U+txsyc on input line 2.

(D:\Pobrane\Texmaker\Miktex\tex\latex\txfonts\utxsyc.fd
File: utxsyc.fd 2000/12/15 v3.1
) [1

])
\tf@toc=\write3
\openout3 = `praca.toc'.

 [2]
Rozdzia\IeC {\l } 1.

Overfull \hbox (9.97346pt too wide) in paragraph at lines 122--131
\T1/txr/m/n/12 roku, za-pro-jek-towany przez Ryan'a Dahl'a. Pozwala na tworze-n
ie serverów i narz[]dzi
 []


Overfull \hbox (2.83345pt too wide) in paragraph at lines 122--131
\T1/txr/m/n/12 sieciowych dziaªaj[]cych po stronie ser-w-era. Przed pow-staniem
 j[]zyka kod javascrip-
 []


Overfull \hbox (15.6734pt too wide) in paragraph at lines 122--131
\T1/txr/m/n/12 co pozwalaªo na bezprob-le-mowa ma-nip-u-lacje kodu ¹ródªowego s
trony przez u»ytkown-
 []


Overfull \hbox (1.89743pt too wide) in paragraph at lines 122--131
\T1/txr/m/n/12 ika daj[]c mo»li-wo±¢ wykony-wa-nia zªo±li-wych skryp-tów, narus
ze-nie bez-pieczenstwa
 []


Overfull \hbox (0.51746pt too wide) in paragraph at lines 122--131
\T1/txr/m/n/12 Node.js mo»e dzi-aªa¢ nieza-le»nie od ±rodowiska uru-chomieniowe
go. Jest ono zgode
 []


Overfull \hbox (27.14545pt too wide) in paragraph at lines 122--131
\T1/txr/m/n/12 okresu »y-cia ±rodowiska za-owocow-aªo ogromn[] ilo±ci[] pro-jek
-tów open-source, tysi[]cami
 []


Overfull \hbox (5.61745pt too wide) in paragraph at lines 122--131
\T1/txr/m/n/12 lub Node Sum-mit. Obec-nie wiele najwi[]kszych firm ko-rzysta z 
ser-w-erów napisanych
 []

[3

]
LaTeX Font Info:    Try loading font information for OMS+txr on input line 135.

 (D:\Pobrane\Texmaker\Miktex\tex\latex\txfonts\omstxr.fd
File: omstxr.fd 2000/12/15 v3.1
)
LaTeX Font Info:    Font shape `OMS/txr/m/n' in size <12> not available
(Font)              Font shape `OMS/txsy/m/n' tried instead on input line 135.

Overfull \hbox (30.28871pt too wide) in paragraph at lines 141--148
\T1/txr/m/n/12 bramki API. API to skrót od Ap-pli-ca-tion Pro-gram-ming In-ter-
face; opisuje jak poszczególne
 []


Overfull \hbox (11.96545pt too wide) in paragraph at lines 141--148
\T1/txr/m/n/12 dzi[]ki asyn-chron-icznemu przetwarza-niu danych dostar-czanych 
do ap-likacji w zwi[]zku
 []


Overfull \hbox (3.7814pt too wide) in paragraph at lines 150--167
\T1/txr/m/n/12 larniejszymi mod-uªami wyko-rzysty-wanymi w celu poprawy jako±ci
 oraz zmiejszenia
 []


Overfull \hbox (7.77744pt too wide) in paragraph at lines 150--167
\T1/txr/m/n/12 nakªadów pracy przy wyt-warza-niu opro-gramowa-nia s[] Ex-press.
js, Socket.IO, Hapi.js,
 []


Overfull \hbox (0.88872pt too wide) in paragraph at lines 150--167
\T1/txr/m/n/12 przez siebie kodu. W zwi[]zku z tym, wiele dost[]pnych mod-uªów 
jest niskiej jako±ci,
 []


Overfull \hbox (10.20146pt too wide) in paragraph at lines 150--167
\T1/txr/m/n/12 ograniczy¢ ko-rzys-tanie z nich bez wcze±niejszej wery-fikacji k
odu ¹ródªowego. Zabez-
 []


Overfull \hbox (19.87343pt too wide) in paragraph at lines 150--167
\T1/txr/m/n/12 taka mi-aªa miejsce, kiedy skrypt zwany ,,left-side'' z którego 
ko-rzys-taªo ponad 2,486,696
 []

[4] [5]
Rozdzia\IeC {\l } 2.

Overfull \hbox (0.40877pt too wide) in paragraph at lines 171--184
\T1/txr/m/n/12 syg-naªów. W przy-padku j[]zyka Node.js, kiedy ap-likacjia peªni
 role servera paradyg-
 []


Overfull \hbox (9.26544pt too wide) in paragraph at lines 171--184
\T1/txr/m/n/12 nych. S[] to wyo-dreb-nione cz[]±ci kodu, które po wyko-na-niu s
wo-jego zada-nia zwracaj[]
 []


Overfull \hbox (24.76945pt too wide) in paragraph at lines 171--184
\T1/txr/m/n/12 sposób dzi-aªanie asyn-chron-iczne, bez bezpo±red-niego u»y-cia 
tech-nologii wielow[]tkowej.
 []


Overfull \hbox (5.7614pt too wide) in paragraph at lines 171--184
\T1/txr/m/n/12 C++, wypro-dukowanym przez Google, wyko-rzysty-wanym w przeglada
rk-ach Google
 []

[6

] <images/eventLoop.png, id=29, 770.12718pt x 416.30531pt>
File: images/eventLoop.png Graphic file (type png)

<use images/eventLoop.png>
Package pdftex.def Info: images/eventLoop.png used on input line 187.
(pdftex.def)             Requested size: 398.32971pt x 215.32388pt.

Overfull \hbox (19.88472pt too wide) in paragraph at lines 192--211
\T1/txr/m/n/12 szego wykony-wa-nia w[]tku do czasu za-kon-czenia przetwarza-nia
. W rezulta-cie okre±lony
 []


Overfull \hbox (16.33345pt too wide) in paragraph at lines 192--211
\T1/txr/m/n/12 lub ogªos-zone zostaje zdarze-nie w poszczegól-nych cz[]±ciach w
ykon-awczych. Pomimo,
 []


Overfull \hbox (15.13274pt too wide) in paragraph at lines 192--211
\T1/txr/m/n/12 on ob-sªu»y¢ wi[]cej za-py-ta« ni» np. ser-wer HTTP Apache. Uzys
kanie wielow[]tkowo±ci
 []


Overfull \hbox (4.41743pt too wide) in paragraph at lines 192--211
\T1/txr/m/n/12 wowanym okre±la za-le»no±ci wz-gle-dem ob-ser-wu-ja-cych go in-n
ych obiek-tów, poprzez
 []


Overfull \hbox (4.4774pt too wide) in paragraph at lines 192--211
\T1/txr/m/n/12 do równolegªej ob-sªugi wielu op-er-acji we-j±-ci-a/wyj±-cia bez
 wza-jem-nego ich blokowa-
 []


Overfull \hbox (3.87741pt too wide) in paragraph at lines 192--211
\T1/txr/m/n/12 nia. Wad[] pracy Node.js przy wyko-rzys-ta-niu tylko jed-nego w[
]tku jest brak skalowal-
 []


Overfull \hbox (5.28143pt too wide) in paragraph at lines 192--211
\T1/txr/m/n/12 pew-nia mo-zli-wo±¢ latwego tworzenia pochod-nych pro-cesów, któ
re wspóªdziel[] porty
 []


Overfull \hbox (10.96945pt too wide) in paragraph at lines 192--211
\T1/txr/m/n/12 potrzeby za-trzymy-wa-nia pracy). Kolejn[] mo»liwo±ci[] na unikn
i[]cie tego ograniczenia
 []


Overfull \hbox (1.29744pt too wide) in paragraph at lines 192--211
\T1/txr/m/n/12 zada-nia dla w[]tków kole-jno ze wspóªdzielonej kole-jki funkcji
, które w[]tki pochodne
 []


Overfull \hbox (19.71742pt too wide) in paragraph at lines 192--211
\T1/txr/m/n/12 dzielonego mu zada-nia in-for-mauje o tym w[]tek gªówny poprzez 
wywoªanie okre±lonego
 []

[7 <./images/eventLoop.png>]
<images/thread.png, id=33, 396.7322pt x 371.13657pt>
File: images/thread.png Graphic file (type png)
 <use images/thread.png>
Package pdftex.def Info: images/thread.png used on input line 214.
(pdftex.def)             Requested size: 398.34753pt x 372.64769pt.

Underfull \hbox (badness 1910) in paragraph at lines 215--215
[]\T1/txr/m/n/12 Rysunek 2.2: |Model pro-gramowa-nia wspóª-bie»nego wyko-rzysty
-wany przez
 []


Overfull \hbox (4.50145pt too wide) in paragraph at lines 219--230
\T1/txr/m/n/12 okre±lone w[]tki lub pro-cesy sytemu op-er-a-cyjnego, które w po
rów-na-niu z technologi[]
 []


Overfull \hbox (3.42145pt too wide) in paragraph at lines 219--230
\T1/txr/m/n/12 pro-gramu, wi[]c nie ma rown-ie» potrzeby alokowa-nia za-sobów d
la ka»dego z w[]tków
 []


Overfull \hbox (11.25742pt too wide) in paragraph at lines 219--230
\T1/txr/m/n/12 ar-chitek-tury opro-gramowa-nia który opisuje sposób oper-owa-ni
a za-py-ta-ni-ami pomiedzy
 []


Overfull \hbox (15.72147pt too wide) in paragraph at lines 219--230
\T1/txr/m/n/12 Api, w prosty sposób poprzez ob-sªugue zada« oraz odpowiedzi. Zo
staª on nast[]pnikiem
 []

[8] [9 <./images/thread.png>]
<images/statuses.png, id=40, 484.81125pt x 278.54062pt>
File: images/statuses.png Graphic file (type png)

<use images/statuses.png>
Package pdftex.def Info: images/statuses.png used on input line 233.
(pdftex.def)             Requested size: 398.36153pt x 228.8723pt.

Underfull \hbox (badness 10000) in paragraph at lines 234--234
[]\T1/txr/m/n/12 Rysunek 2.3: |Kody sta-tusu pro-tokoªu http - ¹ródªo:
 []

[10 <./images/statuses.png>]
LaTeX Font Info:    Try loading font information for T1+txtt on input line 241.


(D:\Pobrane\Texmaker\Miktex\tex\latex\txfonts\t1txtt.fd
File: t1txtt.fd 2000/12/15 v3.1
) [11]
Rozdzia\IeC {\l } 3.
<images/K-S.png, id=50, 453.19313pt x 189.70876pt>
File: images/K-S.png Graphic file (type png)
 <use images/K-S.png>
Package pdftex.def Info: images/K-S.png used on input line 270.
(pdftex.def)             Requested size: 398.34094pt x 166.74736pt.

[12

 <./images/K-S.png>] <images/U-P-S-B.png, id=55, 453.19313pt x 261.22594pt>
File: images/U-P-S-B.png Graphic file (type png)

<use images/U-P-S-B.png>
Package pdftex.def Info: images/U-P-S-B.png used on input line 283.
(pdftex.def)             Requested size: 398.34094pt x 229.60847pt.

Overfull \hbox (18.82942pt too wide) in paragraph at lines 280--287
\T1/txr/m/n/12 dla specy-ficznego uzytkown-ika wyko-rzys-tuje metode post. Przy
k-lad-owe dane wymieni-
 []


Overfull \hbox (13.92148pt too wide) in paragraph at lines 280--287
\T1/txr/m/n/12 ane przez ap-likacje to lo-gin, haslo, in-for-ma-cje odnos-nie z
adan uzytkown-ika, kometarze
 []

[13 <./images/U-P-S-B.png>]
Overfull \hbox (2.68814pt too wide) in paragraph at lines 293--294
[]\T1/txr/m/n/12 Odpowiedz na za-py-tanie bazo-danowe zostaje ode-brane i zosta
ja przy-go-towane
 []


Overfull \hbox (6.57613pt too wide) in paragraph at lines 295--296
[]\T1/txr/m/n/12 Warstwa fron-tendowa otrzy-muje odpowiedz i zostaje odsi-we-zo
na warsta preze-
 []

[14]
Rozdzia\IeC {\l } 4.
<images/meanStack.png, id=62, 787.94376pt x 392.46625pt>
File: images/meanStack.png Graphic file (type png)

<use images/meanStack.png>
Package pdftex.def Info: images/meanStack.png used on input line 311.
(pdftex.def)             Requested size: 398.33527pt x 198.40646pt.

Underfull \hbox (badness 10000) in paragraph at lines 312--312
[]\T1/txr/m/n/12 Rysunek 4.1: |Przed-staw-ie-nie tech-nologii MEAN Stack - ¹ród
ªo:
 []


Underfull \hbox (badness 10000) in paragraph at lines 312--312
\T1/txr/m/n/12 http://codecondo.com/7-good-reasons-to-use-mean-stack-in-your-ne
xt-web-
 []


Overfull \hbox (17.19745pt too wide) in paragraph at lines 318--322
\T1/txr/m/n/12 menty. Ope-ruje na nierela-cyjnych bazach danych. U»ywa struk-tu
r Json jako schematów
 []

[15

]
Overfull \hbox (10.72945pt too wide) in paragraph at lines 333--340
\T1/txr/m/n/12 on mniejszych nakªadów pracy od stan-dradu xml. Powy»sze frame-w
orki wspóªpracuj[]
 []

[16 <./images/meanStack.png>]
<images/Meanex.png, id=69, 1027.84pt x 493.845pt>
File: images/Meanex.png Graphic file (type png)
 <use images/Meanex.png>
Package pdftex.def Info: images/Meanex.png used on input line 343.
(pdftex.def)             Requested size: 398.34662pt x 191.3931pt.

Underfull \hbox (badness 10000) in paragraph at lines 344--344
[]\T1/txr/m/n/12 Rysunek 4.2: |Przepªyw ko-mu-nikacji w MEAN Stack ¹ródªo:
 []

[17 <./images/Meanex.png>] [18]
(D:\Pobrane\Texmaker\Miktex\tex\latex\listings\lstlang1.sty
File: lstlang1.sty 2015/06/04 1.6 listings language file
)
(D:\Pobrane\Texmaker\Miktex\tex\latex\listings\lstmisc.sty
File: lstmisc.sty 2015/06/04 1.6 (Carsten Heinz)
) [19] [20] [21]
[22]
Overfull \hbox (10.40546pt too wide) in paragraph at lines 523--525
\T1/txr/m/n/12 Zewnetrzne mod-uªy, zain-stalowane za pomoc[] zbioru re-pozy-to-
rium npm ktore u»ylem
 []


Overfull \hbox (2.76013pt too wide) in paragraph at lines 526--528
[]\T1/txr/m/n/12 fs - file stream, odpowiada za ob-sluge za-pisu oraz wczy-ty-w
a-nia plikow. Wyko-
 []


Overfull \hbox (12.52814pt too wide) in paragraph at lines 526--528
\T1/txr/m/n/12 dex.htm (strona gªówna w for-ma-cie html), main.js (funkcje w je
zyku javaScript),
 []


Overfull \hbox (6.36014pt too wide) in paragraph at lines 526--528
\T1/txr/m/n/12 style.css (plik arkuszu stylów, odpowiadaj[]cy za styl preze-tac
ji), fav-i-con (ikona
 []


Overfull \hbox (15.24016pt too wide) in paragraph at lines 531--532
\T1/txr/m/n/12 branego przez ser-wer »[]dania, wyko-rzys-tany zostaª w celu od-
czytów poszczegól-
 []


Overfull \hbox (2.49614pt too wide) in paragraph at lines 534--536
\T1/txr/m/n/12 ficznego klienta. Dzi[]ki temu mod-uªowi mo»emy oper-owa¢, ustaw
-ia¢, usuwa¢
 []

[23] [24]
Rozdzia\IeC {\l } 5.

Overfull \hbox (31.56143pt too wide) in paragraph at lines 553--555
\T1/txr/m/n/12 Po wyko-na-niu ap-likacji zostaªy przeprowad-zone testy man-u-al
ne sprawdzaj[]ce poprawno±¢
 []

<images/11.png, id=97, 1204.5pt x 460.72125pt>
File: images/11.png Graphic file (type png)
 <use images/11.png>
Package pdftex.def Info: images/11.png used on input line 559.
(pdftex.def)             Requested size: 398.33168pt x 152.36186pt.

<images/12.png, id=98, 1204.5pt x 462.22687pt>
File: images/12.png Graphic file (type png)
 <use images/12.png>
Package pdftex.def Info: images/12.png used on input line 565.
(pdftex.def)             Requested size: 398.33168pt x 152.85977pt.


LaTeX Warning: `h' float specifier changed to `ht'.

<images/21.png, id=99, 1204.5pt x 459.21562pt>
File: images/21.png Graphic file (type png)
 <use images/21.png>
Package pdftex.def Info: images/21.png used on input line 575.
(pdftex.def)             Requested size: 398.33168pt x 151.86394pt.


LaTeX Warning: `h' float specifier changed to `ht'.

<images/22.png, id=100, 1204.5pt x 461.47406pt>
File: images/22.png Graphic file (type png)
 <use images/22.png>
Package pdftex.def Info: images/22.png used on input line 580.
(pdftex.def)             Requested size: 398.33168pt x 152.61081pt.
 [25

 <./images/11.png>]

LaTeX Warning: `h' float specifier changed to `ht'.

<images/31.png, id=104, 1029.8475pt x 577.40718pt>
File: images/31.png Graphic file (type png)
 <use images/31.png>
Package pdftex.def Info: images/31.png used on input line 589.
(pdftex.def)             Requested size: 398.33893pt x 223.33769pt.


LaTeX Warning: `h' float specifier changed to `ht'.

<images/32.png, id=105, 1204.5pt x 461.47406pt>
File: images/32.png Graphic file (type png)
 <use images/32.png>
Package pdftex.def Info: images/32.png used on input line 595.
(pdftex.def)             Requested size: 398.33168pt x 152.61081pt.


LaTeX Warning: `h' float specifier changed to `ht'.

<images/41.png, id=106, 1204.5pt x 462.22687pt>
File: images/41.png Graphic file (type png)
 <use images/41.png>
Package pdftex.def Info: images/41.png used on input line 604.
(pdftex.def)             Requested size: 398.33168pt x 152.85977pt.
 [26 <./images/12.png> <./images/21.png>]

LaTeX Warning: `h' float specifier changed to `ht'.

<images/42.png, id=110, 1204.5pt x 459.96844pt>
File: images/42.png Graphic file (type png)
 <use images/42.png>
Package pdftex.def Info: images/42.png used on input line 612.
(pdftex.def)             Requested size: 398.33168pt x 152.1129pt.

Overfull \hbox (1.99141pt too wide) in paragraph at lines 606--614
[]\T1/txr/m/n/12 Serwer sprawdza ist-nie-nie konta w ser-wisie. W odpowiedzi u»
ytkownik otrzy-
 []


LaTeX Warning: `h' float specifier changed to `ht'.

<images/51.png, id=111, 1204.5pt x 462.97969pt>
File: images/51.png Graphic file (type png)
 <use images/51.png>
Package pdftex.def Info: images/51.png used on input line 622.
(pdftex.def)             Requested size: 398.33168pt x 153.10873pt.

Overfull \hbox (0.32411pt too wide) in paragraph at lines 618--624
\T1/txr/m/n/12 niu odpowied-niego for-mu-la-rza na stronie gªównej ser-wisu u»y
tkownik wysyªa
 []

[27 <./images/22.png> <./images/31.png>]

LaTeX Warning: `h' float specifier changed to `ht'.

<images/52.png, id=116, 1204.5pt x 466.74374pt>
File: images/52.png Graphic file (type png)
 <use images/52.png>
Package pdftex.def Info: images/52.png used on input line 627.
(pdftex.def)             Requested size: 398.33168pt x 154.35352pt.

<images/53.png, id=117, 1029.09468pt x 575.90157pt>
File: images/53.png Graphic file (type png)
 <use images/53.png>
Package pdftex.def Info: images/53.png used on input line 631.
(pdftex.def)             Requested size: 398.34608pt x 222.92229pt.

Overfull \hbox (8.36345pt too wide) in paragraph at lines 624--633
[]\T1/txr/m/n/12 Serwer sprawdza po-dane dane. W odpowiedzi wysyªa in-for-ma-cj
e o przetworze-
 []


LaTeX Warning: `h' float specifier changed to `ht'.


LaTeX Warning: `h' float specifier changed to `ht'.

<images/61.png, id=118, 1204.5pt x 461.47406pt>
File: images/61.png Graphic file (type png)
 <use images/61.png>
Package pdftex.def Info: images/61.png used on input line 640.
(pdftex.def)             Requested size: 398.33168pt x 152.61081pt.

<images/62.png, id=119, 1204.5pt x 463.7325pt>
File: images/62.png Graphic file (type png)
 <use images/62.png>
Package pdftex.def Info: images/62.png used on input line 648.
(pdftex.def)             Requested size: 398.33168pt x 153.35768pt.

<images/63.png, id=120, 1029.09468pt x 575.90157pt>
File: images/63.png Graphic file (type png)
 <use images/63.png>
Package pdftex.def Info: images/63.png used on input line 652.
(pdftex.def)             Requested size: 398.34608pt x 222.92229pt.

[28 <./images/32.png> <./images/41.png>]
<images/71.png, id=124, 1204.5pt x 463.7325pt>
File: images/71.png Graphic file (type png)
 <use images/71.png>
Package pdftex.def Info: images/71.png used on input line 661.
(pdftex.def)             Requested size: 398.33168pt x 153.35768pt.

Overfull \hbox (2.84412pt too wide) in paragraph at lines 658--663
[]\T1/txr/m/n/12 Po za-l-o-gowa-niu si[] u»ytkownik wybiera opcje do-da-nia tab
l-icy, wpisuje wyma-
 []

<images/72.png, id=125, 1528.20938pt x 578.16pt>
File: images/72.png Graphic file (type png)
 <use images/72.png>
Package pdftex.def Info: images/72.png used on input line 668.
(pdftex.def)             Requested size: 398.32777pt x 150.69739pt.

<images/01.png, id=126, 1519.92844pt x 575.90157pt>
File: images/01.png Graphic file (type png)
 <use images/01.png>
Package pdftex.def Info: images/01.png used on input line 677.
(pdftex.def)             Requested size: 398.32622pt x 150.92598pt.

Overfull \hbox (15.30013pt too wide) in paragraph at lines 674--679
[]\T1/txr/m/n/12 Po za-l-o-gowa-niu si[] u»ytkownik wybiera opcje wysªa-nia za-
proszenia do wybranej
 []

[29 <./images/42.png> <./images/51.png>]
<images/02.png, id=130, 1521.43407pt x 575.90157pt>
File: images/02.png Graphic file (type png)
 <use images/02.png>
Package pdftex.def Info: images/02.png used on input line 683.
(pdftex.def)             Requested size: 398.32614pt x 150.77658pt.

<images/81.png, id=131, 1525.95094pt x 575.90157pt>
File: images/81.png Graphic file (type png)
 <use images/81.png>
Package pdftex.def Info: images/81.png used on input line 692.
(pdftex.def)             Requested size: 398.32121pt x 150.32843pt.

[30 <./images/52.png> <./images/53.png>]
<images/82.png, id=137, 1522.93968pt x 577.40718pt>
File: images/82.png Graphic file (type png)
 <use images/82.png>
Package pdftex.def Info: images/82.png used on input line 697.
(pdftex.def)             Requested size: 398.32527pt x 151.021pt.

<images/A1.png, id=138, 1204.5pt x 458.46281pt>
File: images/A1.png Graphic file (type png)
 <use images/A1.png>
Package pdftex.def Info: images/A1.png used on input line 706.
(pdftex.def)             Requested size: 398.33168pt x 151.61499pt.

<images/A2.png, id=139, 1204.5pt x 462.97969pt>
File: images/A2.png Graphic file (type png)
 <use images/A2.png>
Package pdftex.def Info: images/A2.png used on input line 711.
(pdftex.def)             Requested size: 398.33168pt x 153.10873pt.

<images/91.png, id=140, 1204.5pt x 464.4853pt>
File: images/91.png Graphic file (type png)
 <use images/91.png>
Package pdftex.def Info: images/91.png used on input line 720.
(pdftex.def)             Requested size: 398.33168pt x 153.60664pt.
 [31 <./images/61.png> <./images/62.png>] <images/92.png, id=144, 1204.5pt x 46
6.74374pt>
File: images/92.png Graphic file (type png)

<use images/92.png>
Package pdftex.def Info: images/92.png used on input line 725.
(pdftex.def)             Requested size: 398.33168pt x 154.35352pt.
File: images/A1.png Graphic file (type png)
 <use images/A1.png>
Package pdftex.def Info: images/A1.png used on input line 734.
(pdftex.def)             Requested size: 398.33168pt x 151.61499pt.
 [32 <./images/63.png> <./images/71.png>]
File: images/A2.png Graphic file (type png)
 <use images/A2.png>
Package pdftex.def Info: images/A2.png used on input line 739.
(pdftex.def)             Requested size: 398.33168pt x 153.10873pt.
 [33 <./images/72.png> <./images/01.png> <./images/02.png>] <images/B1.png, id=
155, 1204.5pt x 460.72125pt>
File: images/B1.png Graphic file (type png)
 <use images/B1.png>
Package pdftex.def Info: images/B1.png used on input line 748.
(pdftex.def)             Requested size: 398.33168pt x 152.36186pt.

Overfull \hbox (3.70811pt too wide) in paragraph at lines 745--750
[]\T1/txr/m/n/12 Po za-l-o-gowa-niu, wybra-niu odpowied-niej tabl-icy i zada-ni
a u»ytkownik wybiera
 []

[34 <./images/81.png> <./images/82.png> <./images/A1.png>] [35 <./images/A2.png
> <./images/91.png> <./images/92.png>]
<images/B2.png, id=164, 1204.5pt x 463.7325pt>
File: images/B2.png Graphic file (type png)
 <use images/B2.png>
Package pdftex.def Info: images/B2.png used on input line 753.
(pdftex.def)             Requested size: 398.33168pt x 153.35768pt.

<images/C1.png, id=165, 1510.89468pt x 577.40718pt>
File: images/C1.png Graphic file (type png)
 <use images/C1.png>
Package pdftex.def Info: images/C1.png used on input line 762.
(pdftex.def)             Requested size: 398.33334pt x 152.22804pt.

Overfull \hbox (33.3961pt too wide) in paragraph at lines 759--764
[]\T1/txr/m/n/12 Po za-l-o-gowa-niu, wybra-niu odpowied-niej tabl-icy i za-ko«c
-zonego zada-nia u»ytkownik
 []

[36 <./images/B1.png>] <images/C2.png, id=170, 1516.91719pt x 575.90157pt>
File: images/C2.png Graphic file (type png)

<use images/C2.png>
Package pdftex.def Info: images/C2.png used on input line 767.
(pdftex.def)             Requested size: 398.32404pt x 151.22475pt.
 <images/D1.png, id=171, 1536.49031pt x 578.16pt>
File: images/D1.png Graphic file (type png)

<use images/D1.png>
Package pdftex.def Info: images/D1.png used on input line 776.
(pdftex.def)             Requested size: 398.32925pt x 149.88577pt.

Overfull \hbox (25.80013pt too wide) in paragraph at lines 773--778
[]\T1/txr/m/n/12 Po za-l-o-gowa-niu u»ytkonik wybiera opcje opuszczenia tabl-ic
y, której jest czªonkiem
 []

<images/D2.png, id=172, 1539.50156pt x 578.16pt>
File: images/D2.png Graphic file (type png)
 <use images/D2.png>
Package pdftex.def Info: images/D2.png used on input line 781.
(pdftex.def)             Requested size: 398.33472pt x 149.59465pt.

<images/E1.png, id=173, 1533.47906pt x 575.14874pt>
File: images/E1.png Graphic file (type png)
 <use images/E1.png>
Package pdftex.def Info: images/E1.png used on input line 790.
(pdftex.def)             Requested size: 398.32077pt x 149.39473pt.

[37 <./images/B2.png> <./images/C1.png>]
<images/E2.png, id=178, 1536.49031pt x 581.92406pt>
File: images/E2.png Graphic file (type png)
 <use images/E2.png>
Package pdftex.def Info: images/E2.png used on input line 795.
(pdftex.def)             Requested size: 398.32925pt x 150.86159pt.

[38 <./images/C2.png> <./images/D1.png> <./images/D2.png>] [39 <./images/E1.png
> <./images/E2.png>]
Rozdzia\IeC {\l } 6.

Overfull \hbox (10.21346pt too wide) in paragraph at lines 801--819
\T1/txr/m/n/12 Wykoanana ap-likacja speª-nia zadana w warunk-ach funkcjon-alnos
c. Zostaªy osi[]gni[]te
 []


Overfull \hbox (2.1254pt too wide) in paragraph at lines 801--819
\T1/txr/m/n/12 j»ysty in-ter-fejs oraz nieskomplikowan[] preze-tacje danych dla
 ko«-cowych u»ytkown-
 []


Overfull \hbox (10.53745pt too wide) in paragraph at lines 801--819
\T1/txr/m/n/12 mo»emy z ªatwo±ci[] zdoby¢ ma-te-ri-aªy przy-datne w pro-ce-sie 
poznwaczym ±rodowiska.
 []


Overfull \hbox (5.52145pt too wide) in paragraph at lines 801--819
\T1/txr/m/n/12 Glob-alne re-pozy-to-rium npm gwaran-tuje ob-sªuge wielu funkcjo
n-al-no±ci, bez potrzeby
 []


Overfull \hbox (1.62144pt too wide) in paragraph at lines 801--819
\T1/txr/m/n/12 mªoda obec-nie Node.js jest u»y-wany, a co za tym idzie sprawd-z
ony przez najwi[]ksze
 []

[40

] [41] [42

]
("C:\Users\Artur\Documents\Visual Studio 2015\Projects\NodeJs_Repo\praca\build\
praca.lof"
Overfull \hbox (11.83348pt too wide) in paragraph at lines 4--4
 [][] []\T1/txr/m/n/12 Model pro-gramowa-nia wspóª-bie»nego wyko-rzysty-wany pr
zez Node.js 
 []


Overfull \hbox (54.4694pt too wide) in paragraph at lines 5--5
 [][] []\T1/txr/m/n/12 Kody sta-tusu pro-tokoªu http - ¹ródªo: http://mokandra.
blogspot.fi/2015/10/http- 
 []


Overfull \hbox (36.55275pt too wide) in paragraph at lines 10--10
 [][] []\T1/txr/m/n/12 Przedstawienie tech-nologii MEAN Stack - ¹ródªo: http://
codecondo.com/7- 
 []


Overfull \hbox (88.76474pt too wide) in paragraph at lines 11--11
 [][] []\T1/txr/m/n/12 Przepªyw ko-mu-nikacji w MEAN Stack ¹ródªo: https://www.
dealfuel.com/seller/mean- 
 []

)
\tf@lof=\write4
\openout4 = `praca.lof'.

 [43

]
("C:\Users\Artur\Documents\Visual Studio 2015\Projects\NodeJs_Repo\praca\build\
praca.aux") ) 
Here is how much of TeX's memory you used:
 8314 strings out of 493323
 114134 string characters out of 3139523
 316135 words of memory out of 3000000
 11633 multiletter control sequences out of 15000+200000
 54180 words of font info for 79 fonts, out of 3000000 for 9000
 1141 hyphenation exceptions out of 8191
 40i,8n,77p,771b,1915s stack positions out of 5000i,500n,10000p,200000b,50000s
{D:/Pobrane/Texmaker/Miktex/fonts/enc/dvips/base/8r.enc}<D:/Pobran
e/Texmaker/Miktex/fonts/type1/public/txfonts/rtxi.pfb><D:/Pobrane/Texmaker/Mikt
ex/fonts/type1/public/txfonts/rtxr.pfb><D:/Pobrane/Texmaker/Miktex/fonts/type1/
public/txfonts/rtxsc.pfb><D:/Pobrane/Texmaker/Miktex/fonts/type1/public/txfonts
/t1xbtt.pfb><D:/Pobrane/Texmaker/Miktex/fonts/type1/public/txfonts/t1xtt.pfb><D
:/Pobrane/Texmaker/Miktex/fonts/type1/public/txfonts/txsy.pfb><D:/Pobrane/Texma
ker/Miktex/fonts/type1/urw/times/utmb8a.pfb><D:/Pobrane/Texmaker/Miktex/fonts/t
ype1/urw/times/utmr8a.pfb><D:/Pobrane/Texmaker/Miktex/fonts/type1/urw/times/utm
ri8a.pfb>
Output written on "C:\Users\Artur\Documents\Visual Studio 2015\Projects\NodeJs_
Repo\praca\build\praca.pdf" (44 pages, 21969595 bytes).
PDF statistics:
 234 PDF objects out of 1000 (max. 8388607)
 0 named destinations out of 1000 (max. 500000)
 196 words of extra memory for PDF output out of 10000 (max. 10000000)

