This is pdfTeX, Version 3.14159265-2.6-1.40.18 (MiKTeX 2.9.6350 64-bit) (preloaded format=pdflatex 2017.7.17)  29 AUG 2017 21:14
entering extended mode
**./thesis.tex
(thesis.tex
LaTeX2e <2017-04-15>
Babel <3.10> and hyphenation patterns for 75 language(s) loaded.
(D:\Pobrane\Texmaker\Miktex\tex\latex\base\report.cls
Document Class: report 2014/09/29 v1.4h Standard LaTeX document class
(D:\Pobrane\Texmaker\Miktex\tex\latex\base\size12.clo
File: size12.clo 2014/09/29 v1.4h Standard LaTeX file (size option)
)
\c@part=\count79
\c@chapter=\count80
\c@section=\count81
\c@subsection=\count82
\c@subsubsection=\count83
\c@paragraph=\count84
\c@subparagraph=\count85
\c@figure=\count86
\c@table=\count87
\abovecaptionskip=\skip41
\belowcaptionskip=\skip42
\bibindent=\dimen102
)
(D:\Pobrane\Texmaker\Miktex\tex\latex\base\fontenc.sty
Package: fontenc 2017/04/05 v2.0i Standard LaTeX package

(D:\Pobrane\Texmaker\Miktex\tex\latex\base\t1enc.def
File: t1enc.def 2017/04/05 v2.0i Standard LaTeX file
LaTeX Font Info:    Redeclaring font encoding T1 on input line 48.
))
(D:\Pobrane\Texmaker\Miktex\tex\latex\base\inputenc.sty
Package: inputenc 2015/03/17 v1.2c Input encoding file
\inpenc@prehook=\toks14
\inpenc@posthook=\toks15

(D:\Pobrane\Texmaker\Miktex\tex\latex\base\utf8.def
File: utf8.def 2017/01/28 v1.1t UTF-8 support for inputenc
Now handling font encoding OML ...
... no UTF-8 mapping file for font encoding OML
Now handling font encoding T1 ...
... processing UTF-8 mapping file for font encoding T1

(D:\Pobrane\Texmaker\Miktex\tex\latex\base\t1enc.dfu
File: t1enc.dfu 2017/01/28 v1.1t UTF-8 support for inputenc
   defining Unicode char U+00A0 (decimal 160)
   defining Unicode char U+00A1 (decimal 161)
   defining Unicode char U+00A3 (decimal 163)
   defining Unicode char U+00AB (decimal 171)
   defining Unicode char U+00AD (decimal 173)
   defining Unicode char U+00BB (decimal 187)
   defining Unicode char U+00BF (decimal 191)
   defining Unicode char U+00C0 (decimal 192)
   defining Unicode char U+00C1 (decimal 193)
   defining Unicode char U+00C2 (decimal 194)
   defining Unicode char U+00C3 (decimal 195)
   defining Unicode char U+00C4 (decimal 196)
   defining Unicode char U+00C5 (decimal 197)
   defining Unicode char U+00C6 (decimal 198)
   defining Unicode char U+00C7 (decimal 199)
   defining Unicode char U+00C8 (decimal 200)
   defining Unicode char U+00C9 (decimal 201)
   defining Unicode char U+00CA (decimal 202)
   defining Unicode char U+00CB (decimal 203)
   defining Unicode char U+00CC (decimal 204)
   defining Unicode char U+00CD (decimal 205)
   defining Unicode char U+00CE (decimal 206)
   defining Unicode char U+00CF (decimal 207)
   defining Unicode char U+00D0 (decimal 208)
   defining Unicode char U+00D1 (decimal 209)
   defining Unicode char U+00D2 (decimal 210)
   defining Unicode char U+00D3 (decimal 211)
   defining Unicode char U+00D4 (decimal 212)
   defining Unicode char U+00D5 (decimal 213)
   defining Unicode char U+00D6 (decimal 214)
   defining Unicode char U+00D8 (decimal 216)
   defining Unicode char U+00D9 (decimal 217)
   defining Unicode char U+00DA (decimal 218)
   defining Unicode char U+00DB (decimal 219)
   defining Unicode char U+00DC (decimal 220)
   defining Unicode char U+00DD (decimal 221)
   defining Unicode char U+00DE (decimal 222)
   defining Unicode char U+00DF (decimal 223)
   defining Unicode char U+00E0 (decimal 224)
   defining Unicode char U+00E1 (decimal 225)
   defining Unicode char U+00E2 (decimal 226)
   defining Unicode char U+00E3 (decimal 227)
   defining Unicode char U+00E4 (decimal 228)
   defining Unicode char U+00E5 (decimal 229)
   defining Unicode char U+00E6 (decimal 230)
   defining Unicode char U+00E7 (decimal 231)
   defining Unicode char U+00E8 (decimal 232)
   defining Unicode char U+00E9 (decimal 233)
   defining Unicode char U+00EA (decimal 234)
   defining Unicode char U+00EB (decimal 235)
   defining Unicode char U+00EC (decimal 236)
   defining Unicode char U+00ED (decimal 237)
   defining Unicode char U+00EE (decimal 238)
   defining Unicode char U+00EF (decimal 239)
   defining Unicode char U+00F0 (decimal 240)
   defining Unicode char U+00F1 (decimal 241)
   defining Unicode char U+00F2 (decimal 242)
   defining Unicode char U+00F3 (decimal 243)
   defining Unicode char U+00F4 (decimal 244)
   defining Unicode char U+00F5 (decimal 245)
   defining Unicode char U+00F6 (decimal 246)
   defining Unicode char U+00F8 (decimal 248)
   defining Unicode char U+00F9 (decimal 249)
   defining Unicode char U+00FA (decimal 250)
   defining Unicode char U+00FB (decimal 251)
   defining Unicode char U+00FC (decimal 252)
   defining Unicode char U+00FD (decimal 253)
   defining Unicode char U+00FE (decimal 254)
   defining Unicode char U+00FF (decimal 255)
   defining Unicode char U+0100 (decimal 256)
   defining Unicode char U+0101 (decimal 257)
   defining Unicode char U+0102 (decimal 258)
   defining Unicode char U+0103 (decimal 259)
   defining Unicode char U+0104 (decimal 260)
   defining Unicode char U+0105 (decimal 261)
   defining Unicode char U+0106 (decimal 262)
   defining Unicode char U+0107 (decimal 263)
   defining Unicode char U+0108 (decimal 264)
   defining Unicode char U+0109 (decimal 265)
   defining Unicode char U+010A (decimal 266)
   defining Unicode char U+010B (decimal 267)
   defining Unicode char U+010C (decimal 268)
   defining Unicode char U+010D (decimal 269)
   defining Unicode char U+010E (decimal 270)
   defining Unicode char U+010F (decimal 271)
   defining Unicode char U+0110 (decimal 272)
   defining Unicode char U+0111 (decimal 273)
   defining Unicode char U+0112 (decimal 274)
   defining Unicode char U+0113 (decimal 275)
   defining Unicode char U+0114 (decimal 276)
   defining Unicode char U+0115 (decimal 277)
   defining Unicode char U+0116 (decimal 278)
   defining Unicode char U+0117 (decimal 279)
   defining Unicode char U+0118 (decimal 280)
   defining Unicode char U+0119 (decimal 281)
   defining Unicode char U+011A (decimal 282)
   defining Unicode char U+011B (decimal 283)
   defining Unicode char U+011C (decimal 284)
   defining Unicode char U+011D (decimal 285)
   defining Unicode char U+011E (decimal 286)
   defining Unicode char U+011F (decimal 287)
   defining Unicode char U+0120 (decimal 288)
   defining Unicode char U+0121 (decimal 289)
   defining Unicode char U+0122 (decimal 290)
   defining Unicode char U+0123 (decimal 291)
   defining Unicode char U+0124 (decimal 292)
   defining Unicode char U+0125 (decimal 293)
   defining Unicode char U+0128 (decimal 296)
   defining Unicode char U+0129 (decimal 297)
   defining Unicode char U+012A (decimal 298)
   defining Unicode char U+012B (decimal 299)
   defining Unicode char U+012C (decimal 300)
   defining Unicode char U+012D (decimal 301)
   defining Unicode char U+012E (decimal 302)
   defining Unicode char U+012F (decimal 303)
   defining Unicode char U+0130 (decimal 304)
   defining Unicode char U+0131 (decimal 305)
   defining Unicode char U+0132 (decimal 306)
   defining Unicode char U+0133 (decimal 307)
   defining Unicode char U+0134 (decimal 308)
   defining Unicode char U+0135 (decimal 309)
   defining Unicode char U+0136 (decimal 310)
   defining Unicode char U+0137 (decimal 311)
   defining Unicode char U+0139 (decimal 313)
   defining Unicode char U+013A (decimal 314)
   defining Unicode char U+013B (decimal 315)
   defining Unicode char U+013C (decimal 316)
   defining Unicode char U+013D (decimal 317)
   defining Unicode char U+013E (decimal 318)
   defining Unicode char U+0141 (decimal 321)
   defining Unicode char U+0142 (decimal 322)
   defining Unicode char U+0143 (decimal 323)
   defining Unicode char U+0144 (decimal 324)
   defining Unicode char U+0145 (decimal 325)
   defining Unicode char U+0146 (decimal 326)
   defining Unicode char U+0147 (decimal 327)
   defining Unicode char U+0148 (decimal 328)
   defining Unicode char U+014A (decimal 330)
   defining Unicode char U+014B (decimal 331)
   defining Unicode char U+014C (decimal 332)
   defining Unicode char U+014D (decimal 333)
   defining Unicode char U+014E (decimal 334)
   defining Unicode char U+014F (decimal 335)
   defining Unicode char U+0150 (decimal 336)
   defining Unicode char U+0151 (decimal 337)
   defining Unicode char U+0152 (decimal 338)
   defining Unicode char U+0153 (decimal 339)
   defining Unicode char U+0154 (decimal 340)
   defining Unicode char U+0155 (decimal 341)
   defining Unicode char U+0156 (decimal 342)
   defining Unicode char U+0157 (decimal 343)
   defining Unicode char U+0158 (decimal 344)
   defining Unicode char U+0159 (decimal 345)
   defining Unicode char U+015A (decimal 346)
   defining Unicode char U+015B (decimal 347)
   defining Unicode char U+015C (decimal 348)
   defining Unicode char U+015D (decimal 349)
   defining Unicode char U+015E (decimal 350)
   defining Unicode char U+015F (decimal 351)
   defining Unicode char U+0160 (decimal 352)
   defining Unicode char U+0161 (decimal 353)
   defining Unicode char U+0162 (decimal 354)
   defining Unicode char U+0163 (decimal 355)
   defining Unicode char U+0164 (decimal 356)
   defining Unicode char U+0165 (decimal 357)
   defining Unicode char U+0168 (decimal 360)
   defining Unicode char U+0169 (decimal 361)
   defining Unicode char U+016A (decimal 362)
   defining Unicode char U+016B (decimal 363)
   defining Unicode char U+016C (decimal 364)
   defining Unicode char U+016D (decimal 365)
   defining Unicode char U+016E (decimal 366)
   defining Unicode char U+016F (decimal 367)
   defining Unicode char U+0170 (decimal 368)
   defining Unicode char U+0171 (decimal 369)
   defining Unicode char U+0172 (decimal 370)
   defining Unicode char U+0173 (decimal 371)
   defining Unicode char U+0174 (decimal 372)
   defining Unicode char U+0175 (decimal 373)
   defining Unicode char U+0176 (decimal 374)
   defining Unicode char U+0177 (decimal 375)
   defining Unicode char U+0178 (decimal 376)
   defining Unicode char U+0179 (decimal 377)
   defining Unicode char U+017A (decimal 378)
   defining Unicode char U+017B (decimal 379)
   defining Unicode char U+017C (decimal 380)
   defining Unicode char U+017D (decimal 381)
   defining Unicode char U+017E (decimal 382)
   defining Unicode char U+01CD (decimal 461)
   defining Unicode char U+01CE (decimal 462)
   defining Unicode char U+01CF (decimal 463)
   defining Unicode char U+01D0 (decimal 464)
   defining Unicode char U+01D1 (decimal 465)
   defining Unicode char U+01D2 (decimal 466)
   defining Unicode char U+01D3 (decimal 467)
   defining Unicode char U+01D4 (decimal 468)
   defining Unicode char U+01E2 (decimal 482)
   defining Unicode char U+01E3 (decimal 483)
   defining Unicode char U+01E6 (decimal 486)
   defining Unicode char U+01E7 (decimal 487)
   defining Unicode char U+01E8 (decimal 488)
   defining Unicode char U+01E9 (decimal 489)
   defining Unicode char U+01EA (decimal 490)
   defining Unicode char U+01EB (decimal 491)
   defining Unicode char U+01F0 (decimal 496)
   defining Unicode char U+01F4 (decimal 500)
   defining Unicode char U+01F5 (decimal 501)
   defining Unicode char U+0218 (decimal 536)
   defining Unicode char U+0219 (decimal 537)
   defining Unicode char U+021A (decimal 538)
   defining Unicode char U+021B (decimal 539)
   defining Unicode char U+0232 (decimal 562)
   defining Unicode char U+0233 (decimal 563)
   defining Unicode char U+1E02 (decimal 7682)
   defining Unicode char U+1E03 (decimal 7683)
   defining Unicode char U+200C (decimal 8204)
   defining Unicode char U+2010 (decimal 8208)
   defining Unicode char U+2011 (decimal 8209)
   defining Unicode char U+2012 (decimal 8210)
   defining Unicode char U+2013 (decimal 8211)
   defining Unicode char U+2014 (decimal 8212)
   defining Unicode char U+2015 (decimal 8213)
   defining Unicode char U+2018 (decimal 8216)
   defining Unicode char U+2019 (decimal 8217)
   defining Unicode char U+201A (decimal 8218)
   defining Unicode char U+201C (decimal 8220)
   defining Unicode char U+201D (decimal 8221)
   defining Unicode char U+201E (decimal 8222)
   defining Unicode char U+2030 (decimal 8240)
   defining Unicode char U+2031 (decimal 8241)
   defining Unicode char U+2039 (decimal 8249)
   defining Unicode char U+203A (decimal 8250)
   defining Unicode char U+2423 (decimal 9251)
   defining Unicode char U+1E20 (decimal 7712)
   defining Unicode char U+1E21 (decimal 7713)
)
Now handling font encoding OT1 ...
... processing UTF-8 mapping file for font encoding OT1

(D:\Pobrane\Texmaker\Miktex\tex\latex\base\ot1enc.dfu
File: ot1enc.dfu 2017/01/28 v1.1t UTF-8 support for inputenc
   defining Unicode char U+00A0 (decimal 160)
   defining Unicode char U+00A1 (decimal 161)
   defining Unicode char U+00A3 (decimal 163)
   defining Unicode char U+00AD (decimal 173)
   defining Unicode char U+00B8 (decimal 184)
   defining Unicode char U+00BF (decimal 191)
   defining Unicode char U+00C5 (decimal 197)
   defining Unicode char U+00C6 (decimal 198)
   defining Unicode char U+00D8 (decimal 216)
   defining Unicode char U+00DF (decimal 223)
   defining Unicode char U+00E6 (decimal 230)
   defining Unicode char U+00EC (decimal 236)
   defining Unicode char U+00ED (decimal 237)
   defining Unicode char U+00EE (decimal 238)
   defining Unicode char U+00EF (decimal 239)
   defining Unicode char U+00F8 (decimal 248)
   defining Unicode char U+0131 (decimal 305)
   defining Unicode char U+0141 (decimal 321)
   defining Unicode char U+0142 (decimal 322)
   defining Unicode char U+0152 (decimal 338)
   defining Unicode char U+0153 (decimal 339)
   defining Unicode char U+0174 (decimal 372)
   defining Unicode char U+0175 (decimal 373)
   defining Unicode char U+0176 (decimal 374)
   defining Unicode char U+0177 (decimal 375)
   defining Unicode char U+0218 (decimal 536)
   defining Unicode char U+0219 (decimal 537)
   defining Unicode char U+021A (decimal 538)
   defining Unicode char U+021B (decimal 539)
   defining Unicode char U+2013 (decimal 8211)
   defining Unicode char U+2014 (decimal 8212)
   defining Unicode char U+2018 (decimal 8216)
   defining Unicode char U+2019 (decimal 8217)
   defining Unicode char U+201C (decimal 8220)
   defining Unicode char U+201D (decimal 8221)
)
Now handling font encoding OMS ...
... processing UTF-8 mapping file for font encoding OMS

(D:\Pobrane\Texmaker\Miktex\tex\latex\base\omsenc.dfu
File: omsenc.dfu 2017/01/28 v1.1t UTF-8 support for inputenc
   defining Unicode char U+00A7 (decimal 167)
   defining Unicode char U+00B6 (decimal 182)
   defining Unicode char U+00B7 (decimal 183)
   defining Unicode char U+2020 (decimal 8224)
   defining Unicode char U+2021 (decimal 8225)
   defining Unicode char U+2022 (decimal 8226)
)
Now handling font encoding OMX ...
... no UTF-8 mapping file for font encoding OMX
Now handling font encoding U ...
... no UTF-8 mapping file for font encoding U
   defining Unicode char U+00A9 (decimal 169)
   defining Unicode char U+00AA (decimal 170)
   defining Unicode char U+00AE (decimal 174)
   defining Unicode char U+00BA (decimal 186)
   defining Unicode char U+02C6 (decimal 710)
   defining Unicode char U+02DC (decimal 732)
   defining Unicode char U+200C (decimal 8204)
   defining Unicode char U+2026 (decimal 8230)
   defining Unicode char U+2122 (decimal 8482)
   defining Unicode char U+2423 (decimal 9251)
))
(D:\Pobrane\Texmaker\Miktex\tex\latex\caption\caption.sty
Package: caption 2016/02/21 v3.3-144 Customizing captions (AR)

(D:\Pobrane\Texmaker\Miktex\tex\latex\caption\caption3.sty
Package: caption3 2016/05/22 v1.7-166 caption3 kernel (AR)
Package caption3 Info: TeX engine: e-TeX on input line 67.

(D:\Pobrane\Texmaker\Miktex\tex\latex\graphics\keyval.sty
Package: keyval 2014/10/28 v1.15 key=value parser (DPC)
\KV@toks@=\toks16
)
\captionmargin=\dimen103
\captionmargin@=\dimen104
\captionwidth=\dimen105
\caption@tempdima=\dimen106
\caption@indent=\dimen107
\caption@parindent=\dimen108
\caption@hangindent=\dimen109
)
\c@ContinuedFloat=\count88
)
(D:\Pobrane\Texmaker\Miktex\tex\latex\adjustbox\adjustbox.sty
Package: adjustbox 2012/05/21 v1.0 Adjusting TeX boxes (trim, clip, ...)

(D:\Pobrane\Texmaker\Miktex\tex\latex\xkeyval\xkeyval.sty
Package: xkeyval 2014/12/03 v2.7a package option processing (HA)

(D:\Pobrane\Texmaker\Miktex\tex\generic\xkeyval\xkeyval.tex
(D:\Pobrane\Texmaker\Miktex\tex\generic\xkeyval\xkvutils.tex
\XKV@toks=\toks17
\XKV@tempa@toks=\toks18
)
\XKV@depth=\count89
File: xkeyval.tex 2014/12/03 v2.7a key=value parser (HA)
))
(D:\Pobrane\Texmaker\Miktex\tex\latex\adjustbox\adjcalc.sty
Package: adjcalc 2012/05/16 v1.1 Provides advanced setlength with multiple back
-ends (calc, etex, pgfmath)
)
(D:\Pobrane\Texmaker\Miktex\tex\latex\adjustbox\trimclip.sty
Package: trimclip 2012/05/16 v1.0 Trim and clip general TeX material

(D:\Pobrane\Texmaker\Miktex\tex\latex\graphics\graphicx.sty
Package: graphicx 2014/10/28 v1.0g Enhanced LaTeX Graphics (DPC,SPQR)

(D:\Pobrane\Texmaker\Miktex\tex\latex\graphics\graphics.sty
Package: graphics 2017/04/14 v1.1b Standard LaTeX Graphics (DPC,SPQR)

(D:\Pobrane\Texmaker\Miktex\tex\latex\graphics\trig.sty
Package: trig 2016/01/03 v1.10 sin cos tan (DPC)
)
(D:\Pobrane\Texmaker\Miktex\tex\latex\graphics-cfg\graphics.cfg
File: graphics.cfg 2016/06/04 v1.11 sample graphics configuration
)
Package graphics Info: Driver file: pdftex.def on input line 99.

(D:\Pobrane\Texmaker\Miktex\tex\latex\graphics-def\pdftex.def
File: pdftex.def 2017/01/12 v0.06k Graphics/color for pdfTeX

(D:\Pobrane\Texmaker\Miktex\tex\generic\oberdiek\infwarerr.sty
Package: infwarerr 2016/05/16 v1.4 Providing info/warning/error messages (HO)
)
(D:\Pobrane\Texmaker\Miktex\tex\generic\oberdiek\ltxcmds.sty
Package: ltxcmds 2016/05/16 v1.23 LaTeX kernel commands for general use (HO)
)
\Gread@gobject=\count90
))
\Gin@req@height=\dimen110
\Gin@req@width=\dimen111
)
(D:\Pobrane\Texmaker\Miktex\tex\latex\collectbox\collectbox.sty
Package: collectbox 2012/05/17 v0.4b Collect macro arguments as boxes
\collectedbox=\box26
)
\tc@llx=\dimen112
\tc@lly=\dimen113
\tc@urx=\dimen114
\tc@ury=\dimen115
Package trimclip Info: Using driver 'tc-pdftex.def'.

(D:\Pobrane\Texmaker\Miktex\tex\latex\adjustbox\tc-pdftex.def
File: tc-pdftex.def 2012/05/13 v1.0 Clipping driver for pdftex
))
\adjbox@Width=\dimen116
\adjbox@Height=\dimen117
\adjbox@Depth=\dimen118
\adjbox@Totalheight=\dimen119

(D:\Pobrane\Texmaker\Miktex\tex\latex\ifoddpage\ifoddpage.sty
Package: ifoddpage 2016/04/23 v1.1 Conditionals for odd/even page detection
\c@checkoddpage=\count91
)
(D:\Pobrane\Texmaker\Miktex\tex\latex\ltxmisc\varwidth.sty
Package: varwidth 2009/03/30 ver 0.92;  Variable-width minipages
\@vwid@box=\box27
\sift@deathcycles=\count92
\@vwid@loff=\dimen120
\@vwid@roff=\dimen121
))
(D:\Pobrane\Texmaker\Miktex\tex\latex\amsmath\amsmath.sty
Package: amsmath 2016/11/05 v2.16a AMS math features
\@mathmargin=\skip43

For additional information on amsmath, use the `?' option.
(D:\Pobrane\Texmaker\Miktex\tex\latex\amsmath\amstext.sty
Package: amstext 2000/06/29 v2.01 AMS text

(D:\Pobrane\Texmaker\Miktex\tex\latex\amsmath\amsgen.sty
File: amsgen.sty 1999/11/30 v2.0 generic functions
\@emptytoks=\toks19
\ex@=\dimen122
))
(D:\Pobrane\Texmaker\Miktex\tex\latex\amsmath\amsbsy.sty
Package: amsbsy 1999/11/29 v1.2d Bold Symbols
\pmbraise@=\dimen123
)
(D:\Pobrane\Texmaker\Miktex\tex\latex\amsmath\amsopn.sty
Package: amsopn 2016/03/08 v2.02 operator names
)
\inf@bad=\count93
LaTeX Info: Redefining \frac on input line 213.
\uproot@=\count94
\leftroot@=\count95
LaTeX Info: Redefining \overline on input line 375.
\classnum@=\count96
\DOTSCASE@=\count97
LaTeX Info: Redefining \ldots on input line 472.
LaTeX Info: Redefining \dots on input line 475.
LaTeX Info: Redefining \cdots on input line 596.
\Mathstrutbox@=\box28
\strutbox@=\box29
\big@size=\dimen124
LaTeX Font Info:    Redeclaring font encoding OML on input line 712.
LaTeX Font Info:    Redeclaring font encoding OMS on input line 713.
\macc@depth=\count98
\c@MaxMatrixCols=\count99
\dotsspace@=\muskip10
\c@parentequation=\count100
\dspbrk@lvl=\count101
\tag@help=\toks20
\row@=\count102
\column@=\count103
\maxfields@=\count104
\andhelp@=\toks21
\eqnshift@=\dimen125
\alignsep@=\dimen126
\tagshift@=\dimen127
\tagwidth@=\dimen128
\totwidth@=\dimen129
\lineht@=\dimen130
\@envbody=\toks22
\multlinegap=\skip44
\multlinetaggap=\skip45
\mathdisplay@stack=\toks23
LaTeX Info: Redefining \[ on input line 2817.
LaTeX Info: Redefining \] on input line 2818.
)
(D:\Pobrane\Texmaker\Miktex\tex\latex\amsfonts\amssymb.sty
Package: amssymb 2013/01/14 v3.01 AMS font symbols

(D:\Pobrane\Texmaker\Miktex\tex\latex\amsfonts\amsfonts.sty
Package: amsfonts 2013/01/14 v3.01 Basic AMSFonts support
\symAMSa=\mathgroup4
\symAMSb=\mathgroup5
LaTeX Font Info:    Overwriting math alphabet `\mathfrak' in version `bold'
(Font)                  U/euf/m/n --> U/euf/b/n on input line 106.
))
(D:\Pobrane\Texmaker\Miktex\tex\latex\txfonts\txfonts.sty
Package: txfonts 2008/01/22 v3.2.1
LaTeX Font Info:    Redeclaring symbol font `operators' on input line 21.
LaTeX Font Info:    Overwriting symbol font `operators' in version `normal'
(Font)                  OT1/cmr/m/n --> OT1/txr/m/n on input line 21.
LaTeX Font Info:    Overwriting symbol font `operators' in version `bold'
(Font)                  OT1/cmr/bx/n --> OT1/txr/m/n on input line 21.
LaTeX Font Info:    Overwriting symbol font `operators' in version `bold'
(Font)                  OT1/txr/m/n --> OT1/txr/bx/n on input line 22.
\symitalic=\mathgroup6
LaTeX Font Info:    Overwriting symbol font `italic' in version `bold'
(Font)                  OT1/txr/m/it --> OT1/txr/bx/it on input line 26.
LaTeX Font Info:    Redeclaring math alphabet \mathbf on input line 29.
LaTeX Font Info:    Overwriting math alphabet `\mathbf' in version `normal'
(Font)                  OT1/cmr/bx/n --> OT1/txr/bx/n on input line 29.
LaTeX Font Info:    Overwriting math alphabet `\mathbf' in version `bold'
(Font)                  OT1/cmr/bx/n --> OT1/txr/bx/n on input line 29.
LaTeX Font Info:    Redeclaring math alphabet \mathit on input line 30.
LaTeX Font Info:    Overwriting math alphabet `\mathit' in version `normal'
(Font)                  OT1/cmr/m/it --> OT1/txr/m/it on input line 30.
LaTeX Font Info:    Overwriting math alphabet `\mathit' in version `bold'
(Font)                  OT1/cmr/bx/it --> OT1/txr/m/it on input line 30.
LaTeX Font Info:    Overwriting math alphabet `\mathit' in version `bold'
(Font)                  OT1/txr/m/it --> OT1/txr/bx/it on input line 31.
LaTeX Font Info:    Redeclaring math alphabet \mathsf on input line 40.
LaTeX Font Info:    Overwriting math alphabet `\mathsf' in version `normal'
(Font)                  OT1/cmss/m/n --> OT1/txss/m/n on input line 40.
LaTeX Font Info:    Overwriting math alphabet `\mathsf' in version `bold'
(Font)                  OT1/cmss/bx/n --> OT1/txss/m/n on input line 40.
LaTeX Font Info:    Overwriting math alphabet `\mathsf' in version `bold'
(Font)                  OT1/txss/m/n --> OT1/txss/b/n on input line 41.
LaTeX Font Info:    Redeclaring math alphabet \mathtt on input line 50.
LaTeX Font Info:    Overwriting math alphabet `\mathtt' in version `normal'
(Font)                  OT1/cmtt/m/n --> OT1/txtt/m/n on input line 50.
LaTeX Font Info:    Overwriting math alphabet `\mathtt' in version `bold'
(Font)                  OT1/cmtt/m/n --> OT1/txtt/m/n on input line 50.
LaTeX Font Info:    Overwriting math alphabet `\mathtt' in version `bold'
(Font)                  OT1/txtt/m/n --> OT1/txtt/b/n on input line 51.
LaTeX Font Info:    Redeclaring symbol font `letters' on input line 58.
LaTeX Font Info:    Overwriting symbol font `letters' in version `normal'
(Font)                  OML/cmm/m/it --> OML/txmi/m/it on input line 58.
LaTeX Font Info:    Overwriting symbol font `letters' in version `bold'
(Font)                  OML/cmm/b/it --> OML/txmi/m/it on input line 58.
LaTeX Font Info:    Overwriting symbol font `letters' in version `bold'
(Font)                  OML/txmi/m/it --> OML/txmi/bx/it on input line 59.
\symlettersA=\mathgroup7
LaTeX Font Info:    Overwriting symbol font `lettersA' in version `bold'
(Font)                  U/txmia/m/it --> U/txmia/bx/it on input line 67.
LaTeX Font Info:    Redeclaring math alphabet \mathfrak on input line 70.
LaTeX Font Info:    Redeclaring symbol font `symbols' on input line 77.
LaTeX Font Info:    Overwriting symbol font `symbols' in version `normal'
(Font)                  OMS/cmsy/m/n --> OMS/txsy/m/n on input line 77.
LaTeX Font Info:    Overwriting symbol font `symbols' in version `bold'
(Font)                  OMS/cmsy/b/n --> OMS/txsy/m/n on input line 77.
LaTeX Font Info:    Overwriting symbol font `symbols' in version `bold'
(Font)                  OMS/txsy/m/n --> OMS/txsy/bx/n on input line 78.
LaTeX Font Info:    Redeclaring symbol font `AMSa' on input line 93.
LaTeX Font Info:    Overwriting symbol font `AMSa' in version `normal'
(Font)                  U/msa/m/n --> U/txsya/m/n on input line 93.
LaTeX Font Info:    Overwriting symbol font `AMSa' in version `bold'
(Font)                  U/msa/m/n --> U/txsya/m/n on input line 93.
LaTeX Font Info:    Overwriting symbol font `AMSa' in version `bold'
(Font)                  U/txsya/m/n --> U/txsya/bx/n on input line 94.
LaTeX Font Info:    Redeclaring symbol font `AMSb' on input line 102.
LaTeX Font Info:    Overwriting symbol font `AMSb' in version `normal'
(Font)                  U/msb/m/n --> U/txsyb/m/n on input line 102.
LaTeX Font Info:    Overwriting symbol font `AMSb' in version `bold'
(Font)                  U/msb/m/n --> U/txsyb/m/n on input line 102.
LaTeX Font Info:    Overwriting symbol font `AMSb' in version `bold'
(Font)                  U/txsyb/m/n --> U/txsyb/bx/n on input line 103.
\symsymbolsC=\mathgroup8
LaTeX Font Info:    Overwriting symbol font `symbolsC' in version `bold'
(Font)                  U/txsyc/m/n --> U/txsyc/bx/n on input line 113.
LaTeX Font Info:    Redeclaring symbol font `largesymbols' on input line 120.
LaTeX Font Info:    Overwriting symbol font `largesymbols' in version `normal'
(Font)                  OMX/cmex/m/n --> OMX/txex/m/n on input line 120.
LaTeX Font Info:    Overwriting symbol font `largesymbols' in version `bold'
(Font)                  OMX/cmex/m/n --> OMX/txex/m/n on input line 120.
LaTeX Font Info:    Overwriting symbol font `largesymbols' in version `bold'
(Font)                  OMX/txex/m/n --> OMX/txex/bx/n on input line 121.
\symlargesymbolsA=\mathgroup9
LaTeX Font Info:    Overwriting symbol font `largesymbolsA' in version `bold'
(Font)                  U/txexa/m/n --> U/txexa/bx/n on input line 129.
LaTeX Info: Redefining \not on input line 1043.
)
(D:\Pobrane\Texmaker\Miktex\tex\latex\listings\listings.sty
\lst@mode=\count105
\lst@gtempboxa=\box30
\lst@token=\toks24
\lst@length=\count106
\lst@currlwidth=\dimen131
\lst@column=\count107
\lst@pos=\count108
\lst@lostspace=\dimen132
\lst@width=\dimen133
\lst@newlines=\count109
\lst@lineno=\count110
\lst@maxwidth=\dimen134

(D:\Pobrane\Texmaker\Miktex\tex\latex\listings\lstmisc.sty
File: lstmisc.sty 2015/06/04 1.6 (Carsten Heinz)
\c@lstnumber=\count111
\lst@skipnumbers=\count112
\lst@framebox=\box31
)
(D:\Pobrane\Texmaker\Miktex\tex\latex\listings\listings.cfg
File: listings.cfg 2015/06/04 1.6 listings configuration
))
Package: listings 2015/06/04 1.6 (Carsten Heinz)

(D:\Pobrane\Texmaker\Miktex\tex\latex\float\float.sty
Package: float 2001/11/08 v1.3d Float enhancements (AL)
\c@float@type=\count113
\float@exts=\toks25
\float@box=\box32
\@float@everytoks=\toks26
\@floatcapt=\box33
)
(D:\Pobrane\Texmaker\Miktex\tex\latex\graphics\color.sty
Package: color 2016/07/10 v1.1e Standard LaTeX Color (DPC)

(D:\Pobrane\Texmaker\Miktex\tex\latex\graphics-cfg\color.cfg
File: color.cfg 2016/01/02 v1.6 sample color configuration
)
Package color Info: Driver file: pdftex.def on input line 147.
)
(D:\Pobrane\Texmaker\Miktex\tex\latex\xcolor\xcolor.sty
Package: xcolor 2016/05/11 v2.12 LaTeX color extensions (UK)

(D:\Pobrane\Texmaker\Miktex\tex\latex\graphics-cfg\color.cfg
File: color.cfg 2016/01/02 v1.6 sample color configuration
)
Package xcolor Info: Driver file: pdftex.def on input line 225.
LaTeX Info: Redefining \color on input line 709.
Package xcolor Info: Model `cmy' substituted by `cmy0' on input line 1348.
Package xcolor Info: Model `hsb' substituted by `rgb' on input line 1352.
Package xcolor Info: Model `RGB' extended on input line 1364.
Package xcolor Info: Model `HTML' substituted by `rgb' on input line 1366.
Package xcolor Info: Model `Hsb' substituted by `hsb' on input line 1367.
Package xcolor Info: Model `tHsb' substituted by `hsb' on input line 1368.
Package xcolor Info: Model `HSB' substituted by `hsb' on input line 1369.
Package xcolor Info: Model `Gray' substituted by `gray' on input line 1370.
Package xcolor Info: Model `wave' substituted by `hsb' on input line 1371.
)
(D:\Pobrane\Texmaker\Miktex\tex\latex\enumitem\enumitem.sty
Package: enumitem 2011/09/28 v3.5.2 Customized lists
\labelindent=\skip46
\enit@outerparindent=\dimen135
\enit@toks=\toks27
\enit@inbox=\box34
\enitdp@description=\count114
)
\c@definition=\count115
\c@example=\count116

("C:\Users\Artur\Documents\Visual Studio 2015\Projects\NodeJs_Repo\thesis\build
\thesis.aux"

LaTeX Warning: Label `libuv' multiply defined.

)
\openout1 = `thesis.aux'.

LaTeX Font Info:    Checking defaults for OML/txmi/m/it on input line 111.
LaTeX Font Info:    Try loading font information for OML+txmi on input line 111
.
 (D:\Pobrane\Texmaker\Miktex\tex\latex\txfonts\omltxmi.fd
File: omltxmi.fd 2000/12/15 v3.1
)
LaTeX Font Info:    ... okay on input line 111.
LaTeX Font Info:    Checking defaults for T1/cmr/m/n on input line 111.
LaTeX Font Info:    ... okay on input line 111.
LaTeX Font Info:    Checking defaults for OT1/cmr/m/n on input line 111.
LaTeX Font Info:    ... okay on input line 111.
LaTeX Font Info:    Checking defaults for OMS/txsy/m/n on input line 111.
LaTeX Font Info:    Try loading font information for OMS+txsy on input line 111
.

(D:\Pobrane\Texmaker\Miktex\tex\latex\txfonts\omstxsy.fd
File: omstxsy.fd 2000/12/15 v3.1
)
LaTeX Font Info:    ... okay on input line 111.
LaTeX Font Info:    Checking defaults for OMX/txex/m/n on input line 111.
LaTeX Font Info:    Try loading font information for OMX+txex on input line 111
.

(D:\Pobrane\Texmaker\Miktex\tex\latex\txfonts\omxtxex.fd
File: omxtxex.fd 2000/12/15 v3.1
)
LaTeX Font Info:    ... okay on input line 111.
LaTeX Font Info:    Checking defaults for U/txexa/m/n on input line 111.
LaTeX Font Info:    Try loading font information for U+txexa on input line 111.


(D:\Pobrane\Texmaker\Miktex\tex\latex\txfonts\utxexa.fd
File: utxexa.fd 2000/12/15 v3.1
)
LaTeX Font Info:    ... okay on input line 111.
LaTeX Font Info:    Try loading font information for T1+txr on input line 111.

(D:\Pobrane\Texmaker\Miktex\tex\latex\txfonts\t1txr.fd
File: t1txr.fd 2000/12/15 v3.1
)
Package caption Info: Begin \AtBeginDocument code.
Package caption Info: float package is loaded.
Package caption Info: listings package is loaded.
Package caption Info: End \AtBeginDocument code.

(D:\Pobrane\Texmaker\Miktex\tex\context\base\supp-pdf.mkii
[Loading MPS to PDF converter (version 2006.09.02).]
\scratchcounter=\count117
\scratchdimen=\dimen136
\scratchbox=\box35
\nofMPsegments=\count118
\nofMParguments=\count119
\everyMPshowfont=\toks28
\MPscratchCnt=\count120
\MPscratchDim=\dimen137
\MPnumerator=\count121
\makeMPintoPDFobject=\count122
\everyMPtoPDFconversion=\toks29
) (D:\Pobrane\Texmaker\Miktex\tex\generic\oberdiek\pdftexcmds.sty
Package: pdftexcmds 2017/03/19 v0.25 Utility functions of pdfTeX for LuaTeX (HO
)

(D:\Pobrane\Texmaker\Miktex\tex\generic\oberdiek\ifluatex.sty
Package: ifluatex 2016/05/16 v1.4 Provides the ifluatex switch (HO)
Package ifluatex Info: LuaTeX not detected.
)
(D:\Pobrane\Texmaker\Miktex\tex\generic\oberdiek\ifpdf.sty
Package: ifpdf 2017/03/15 v3.2 Provides the ifpdf switch
)
Package pdftexcmds Info: LuaTeX not detected.
Package pdftexcmds Info: \pdf@primitive is available.
Package pdftexcmds Info: \pdf@ifprimitive is available.
Package pdftexcmds Info: \pdfdraftmode found.
)
(D:\Pobrane\Texmaker\Miktex\tex\latex\oberdiek\epstopdf-base.sty
Package: epstopdf-base 2016/05/15 v2.6 Base part for package epstopdf

(D:\Pobrane\Texmaker\Miktex\tex\latex\oberdiek\grfext.sty
Package: grfext 2016/05/16 v1.2 Manage graphics extensions (HO)

(D:\Pobrane\Texmaker\Miktex\tex\generic\oberdiek\kvdefinekeys.sty
Package: kvdefinekeys 2016/05/16 v1.4 Define keys (HO)
))
(D:\Pobrane\Texmaker\Miktex\tex\latex\oberdiek\kvoptions.sty
Package: kvoptions 2016/05/16 v3.12 Key value format for package options (HO)

(D:\Pobrane\Texmaker\Miktex\tex\generic\oberdiek\kvsetkeys.sty
Package: kvsetkeys 2016/05/16 v1.17 Key value parser (HO)

(D:\Pobrane\Texmaker\Miktex\tex\generic\oberdiek\etexcmds.sty
Package: etexcmds 2016/05/16 v1.6 Avoid name clashes with e-TeX commands (HO)
Package etexcmds Info: Could not find \expanded.
(etexcmds)             That can mean that you are not using pdfTeX 1.50 or
(etexcmds)             that some package has redefined \expanded.
(etexcmds)             In the latter case, load this package earlier.
)))
Package epstopdf-base Info: Redefining graphics rule for `.eps' on input line 4
38.
Package grfext Info: Graphics extension search list:
(grfext)             [.png,.pdf,.jpg,.mps,.jpeg,.jbig2,.jb2,.PNG,.PDF,.JPG,.JPE
G,.JBIG2,.JB2,.eps]
(grfext)             \AppendGraphicsExtensions on input line 456.
)
\c@lstlisting=\count123
 [1

{C:/ProgramData/MiKTeX/2.9/pdftex/config/pdftex.map}]
("C:\Users\Artur\Documents\Visual Studio 2015\Projects\NodeJs_Repo\thesis\build
\thesis.toc"
LaTeX Font Info:    Try loading font information for OT1+txr on input line 2.
 (D:\Pobrane\Texmaker\Miktex\tex\latex\txfonts\ot1txr.fd
File: ot1txr.fd 2000/12/15 v3.1
)
LaTeX Font Info:    Try loading font information for U+txsya on input line 2.

(D:\Pobrane\Texmaker\Miktex\tex\latex\txfonts\utxsya.fd
File: utxsya.fd 2000/12/15 v3.1
)
LaTeX Font Info:    Try loading font information for U+txsyb on input line 2.

(D:\Pobrane\Texmaker\Miktex\tex\latex\txfonts\utxsyb.fd
File: utxsyb.fd 2000/12/15 v3.1
)
LaTeX Font Info:    Try loading font information for U+txmia on input line 2.

(D:\Pobrane\Texmaker\Miktex\tex\latex\txfonts\utxmia.fd
File: utxmia.fd 2000/12/15 v3.1
)
LaTeX Font Info:    Try loading font information for U+txsyc on input line 2.

(D:\Pobrane\Texmaker\Miktex\tex\latex\txfonts\utxsyc.fd
File: utxsyc.fd 2000/12/15 v3.1
) [1

])
\tf@toc=\write3
\openout3 = `thesis.toc'.

 [2]
Rozdzia\IeC {\l } 1.

Overfull \hbox (0.12144pt too wide) in paragraph at lines 122--131
\T1/txr/m/n/12 czemu, mimo wzgl[]dnie krótkiego okresu »y-cia ±rodowiska, za-ow
ocow-aªo ogromn[]
 []


Overfull \hbox (56.89345pt too wide) in paragraph at lines 122--131
\T1/txr/m/n/12 ilo±ci[] pro-jek-tów open-source, tysi[]cami czªonków nale»[]cyc
h do spoªeczno±ci okoªoj[]zykowej
 []

[3

]
LaTeX Font Info:    Try loading font information for OMS+txr on input line 135.

 (D:\Pobrane\Texmaker\Miktex\tex\latex\txfonts\omstxr.fd
File: omstxr.fd 2000/12/15 v3.1
)
LaTeX Font Info:    Font shape `OMS/txr/m/n' in size <12> not available
(Font)              Font shape `OMS/txsy/m/n' tried instead on input line 135.

Overfull \hbox (33.43272pt too wide) in paragraph at lines 141--148
\T1/txr/m/n/12 bramki API. API to skrót od Ap-pli-ca-tion Pro-gram-ming In-ter-
face; opisuje, jak poszczególne
 []


Overfull \hbox (15.10947pt too wide) in paragraph at lines 141--148
\T1/txr/m/n/12 dzi[]ki asyn-chron-icznemu przetwarza-niu danych dostar-czanych 
do ap-likacji, w zwi[]zku
 []


Overfull \hbox (18.43344pt too wide) in paragraph at lines 150--167
\T1/txr/m/n/12 niejszenia nakªadów pracy przy wyt-warza-niu opro-gramowa-nia s[
] Ex-press.js, Socket.IO,
 []


Overfull \hbox (16.41747pt too wide) in paragraph at lines 150--167
\T1/txr/m/n/12 wcze±niejszej re-jes-tracji czy prze-j±-cia jakiejkol-wiek pro-c
e-dury wst[]pnej, udost[]pnienia
 []

[4] [5]
Rozdzia\IeC {\l } 2.

Overfull \hbox (4.45346pt too wide) in paragraph at lines 171--184
\T1/txr/m/n/12 ap-likacji (run time), na przykªad in-ter-akcji u»ytkown-ika, cz
y otrzy-ma-nia okre±lonych
 []


Overfull \hbox (3.06079pt too wide) in paragraph at lines 171--184
\T1/txr/m/n/12 syg-naªów. W przy-padku j[]zyka Node.js, kiedy ap-likacja peªni 
rol[] ser-w-era, paradyg-
 []


Overfull \hbox (7.27278pt too wide) in paragraph at lines 171--184
\T1/txr/m/n/12 oraz uru-chomionych przez nie zdarze«, tzn. funkcji. W ap-likacj
i sterowanej zdarzeni-
 []


Overfull \hbox (12.34947pt too wide) in paragraph at lines 171--184
\T1/txr/m/n/12 ami nale»y wyró»ni¢ p[]tl[] gªówn[], która jest odpowiedzialna z
a obsªug[] zachodz[]cych
 []


Overfull \hbox (9.26544pt too wide) in paragraph at lines 171--184
\T1/txr/m/n/12 nych. S[] to wyodr[]bnione cz[]±ci kodu, które po wyko-na-niu sw
o-jego zada-nia zwracaj[]
 []


Overfull \hbox (52.68143pt too wide) in paragraph at lines 171--184
\T1/txr/m/n/12 men-towa-nia w wielu j[]zykach pro-gramowa-nia oraz cz[]sto prow
adz-iªy do niesatysfakcjonuj[]cej
 []


Overfull \hbox (5.7614pt too wide) in paragraph at lines 171--184
\T1/txr/m/n/12 C++, wypro-dukowanym przez Google, wyko-rzysty-wanym w przegl[]d
arkach Google
 []

[6

] <images/eventLoop.png, id=29, 770.12718pt x 416.30531pt>
File: images/eventLoop.png Graphic file (type png)

<use images/eventLoop.png>
Package pdftex.def Info: images/eventLoop.png used on input line 187.
(pdftex.def)             Requested size: 398.32971pt x 215.32388pt.

Underfull \hbox (badness 10000) in paragraph at lines 188--188
[]\T1/txr/m/n/12 Rysunek 2.1: |P[]tla zdarze« w ±rodowisku Node.js - ¹ródªo:
 []


Overfull \hbox (19.88472pt too wide) in paragraph at lines 192--211
\T1/txr/m/n/12 szego wykony-wa-nia w[]tku do czasu za-ko«czenia przetwarza-nia.
 W rezulta-cie okre±lony
 []


Overfull \hbox (7.57346pt too wide) in paragraph at lines 192--211
\T1/txr/m/n/12 funkcja zwrotna lub ogªos-zone zostaje zdarze-nie w poszczegól-n
ych cz[]±ciach wykon-
 []


Overfull \hbox (8.02942pt too wide) in paragraph at lines 192--211
\T1/txr/m/n/12 nazy-wany przed-miotem ob-ser-wowanym okre±la za-le»no±ci wzgl[]
dem obserwuj[]cych
 []


Overfull \hbox (0.16873pt too wide) in paragraph at lines 192--211
\T1/txr/m/n/12 stanów. W celu ob-sªugi wszys-t-kich asyn-chron-icznych funkcji 
oraz w[]tku gªównego,
 []


Overfull \hbox (2.06541pt too wide) in paragraph at lines 192--211
\T1/txr/m/n/12 jed-nego w[]tku jest brak skalowal-no±ci pod wzgl[]dem mo»li-wo±
ci zwi[]kszenia ilo±ci
 []


Overfull \hbox (0.32478pt too wide) in paragraph at lines 192--211
\T1/txr/m/n/12 pro-cesów, które wspóªdziel[] porty ser-w-era), Stron-gLoop PM (
za-pew-nia zarz[]dzanie
 []


Overfull \hbox (4.34544pt too wide) in paragraph at lines 192--211
\T1/txr/m/n/12 pro-ce-sem pro-duk-cyjnym ap-likacji Node.js ze ws-par-ciem odpo
wied-niego zarz[]dzania
 []


Overfull \hbox (7.05746pt too wide) in paragraph at lines 192--211
\T1/txr/m/n/12 za-sobów, z mo»liwo±ci[] nieprz-er-wanego dzi-aªa-nia ap-likacji
 przy u»y-ciu przenoszenia
 []

[7 <./images/eventLoop.png>] [8]
<images/thread.png, id=36, 396.7322pt x 371.13657pt>
File: images/thread.png Graphic file (type png)
 <use images/thread.png>
Package pdftex.def Info: images/thread.png used on input line 214.
(pdftex.def)             Requested size: 398.34753pt x 372.64769pt.

Underfull \hbox (badness 1910) in paragraph at lines 215--215
[]\T1/txr/m/n/12 Rysunek 2.2: |Model pro-gramowa-nia wspóª-bie»nego wyko-rzysty
-wany przez
 []


Overfull \hbox (4.50145pt too wide) in paragraph at lines 219--230
\T1/txr/m/n/12 okre±lone w[]tki lub pro-cesy sytemu op-er-a-cyjnego, które w po
rów-na-niu z technologi[]
 []


Overfull \hbox (3.72145pt too wide) in paragraph at lines 219--230
\T1/txr/m/n/12 pro-gramu, wi[]c nie ma równie» potrzeby alokowa-nia za-sobów dl
a ka»dego z w[]tków
 []


Overfull \hbox (14.40143pt too wide) in paragraph at lines 219--230
\T1/txr/m/n/12 ar-chitek-tury opro-gramowa-nia, który opisuje sposób oper-owa-n
ia za-py-ta-ni-ami pomi[]dzy
 []


Overfull \hbox (9.72147pt too wide) in paragraph at lines 219--230
\T1/txr/m/n/12 Api, w prosty sposób poprzez obsªug[] zada« oraz odpowiedzi. Zos
taª on nast[]pnikiem
 []


Overfull \hbox (8.70142pt too wide) in paragraph at lines 219--230
\T1/txr/m/n/12 temat in-stancji korzystaj[]cych z przesyªanych za-sobów - mo»e 
in-te-growa¢ ±rodowiska
 []

[9 <./images/thread.png>] [10]
<images/statuses.png, id=43, 484.81125pt x 278.54062pt>
File: images/statuses.png Graphic file (type png)

<use images/statuses.png>
Package pdftex.def Info: images/statuses.png used on input line 233.
(pdftex.def)             Requested size: 398.36153pt x 228.8723pt.

Underfull \hbox (badness 10000) in paragraph at lines 234--234
[]\T1/txr/m/n/12 Rysunek 2.3: |Kody sta-tusu pro-tokoªu http - ¹ródªo:
 []

LaTeX Font Info:    Try loading font information for T1+txtt on input line 241.

(D:\Pobrane\Texmaker\Miktex\tex\latex\txfonts\t1txtt.fd
File: t1txtt.fd 2000/12/15 v3.1
) [11 <./images/statuses.png>]
Overfull \hbox (0.36142pt too wide) in paragraph at lines 266--274
\T1/txr/m/n/12 technologi[] Node.js Tim Foxa przy u»y-ciu mi[]dzy in-nymi j[]zy
ków Java, JavaScript,
 []


Overfull \hbox (4.26144pt too wide) in paragraph at lines 276--283
\T1/txr/m/n/12 zony w 2002 roku przez Glyph Lefkowitz'a przy u»y-ciu tech-nolog
ii Python. Wspiera
 []


Overfull \hbox (32.22145pt too wide) in paragraph at lines 276--283
\T1/txr/m/n/12 Dzi[]ki dªugiemu okresu roz-woju frame-work ofer-uje ws-par-cie 
wielu rozwi[]za« sieciowych.
 []

[12]
Overfull \hbox (18.32542pt too wide) in paragraph at lines 285--292
\T1/txr/m/n/12 javascript po stronie ser-w-era dziaªaj[]cych równie» w kon-cepc
ji ±rodowiska sterowanego
 []


Overfull \hbox (2.2694pt too wide) in paragraph at lines 285--292
\T1/txr/m/n/12 wielow[]tkowo±ci. Niew[]tpliw[] zalet[] Ringojs jest mo»li-wo±¢ 
wyko-rzys-ta-nia kodów
 []


Overfull \hbox (39.73344pt too wide) in paragraph at lines 285--292
\T1/txr/m/n/12 w j[]zyku java przez ser-wer, zapewniaj[]c in-te-gracje frame-wo
rka z istniej[]cymi ±rodowiskami
 []

[13]
Rozdzia\IeC {\l } 3.

Overfull \hbox (9.31343pt too wide) in paragraph at lines 296--303
\T1/txr/m/n/12 okre±lonej tabl-icy powinien mie¢ mo»li-wo±¢ zarz[]dzania dost[]
pem do tabl-icy poprzez
 []

[14

]
Overfull \hbox (9.2534pt too wide) in paragraph at lines 305--308
\T1/txr/m/n/12 Analiza wyma-ga« funkcjon-al-nych umo»li-wia zi-den-ty-fikowanie
 i opisanie po»[]danego
 []


Overfull \hbox (32.9761pt too wide) in paragraph at lines 324--325
[]\T1/txr/m/n/12 Mo»liwo±¢ otrzymy-wa-nia powiadomie« o ak-tu-al-nym sta-tusie 
tablic oraz poszczegól-
 []

[15]
Overfull \hbox (15.30013pt too wide) in paragraph at lines 340--341
[]\T1/txr/m/n/12 Posiada mo»li-wo±¢ ob-sªugi poprzez ró»ne przegl[]darki in-ter
-ne-towe i ±rodowiska. 
 []

[16]
Rozdzia\IeC {\l } 4.

Overfull \hbox (15.86545pt too wide) in paragraph at lines 360--365
\T1/txr/m/n/12 menty. Ope-ruje na nierela-cyjnych bazach danych. U»ywa struk-tu
r json jako schematów
 []


Overfull \hbox (0.2174pt too wide) in paragraph at lines 360--365
\T1/txr/m/n/12 bu-dowy bazy danych. Udost[]pnia caªkowit[] dowol-no±¢ w bu-dowi
e struk-tury wyma-
 []

[17

]
Overfull \hbox (10.72945pt too wide) in paragraph at lines 376--383
\T1/txr/m/n/12 on mniejszych nakªadów pracy od stan-dardu xml. Powy»sze frame-w
orki wspóªpracuj[]
 []


Overfull \hbox (4.42947pt too wide) in paragraph at lines 376--383
\T1/txr/m/n/12 tanie do odpowied-nich funkcji ser-wisu, przetwarza otrzy-mane d
ane, przy wspóªpracy
 []

[18] <images/Meanex.png, id=73, 1027.84pt x 493.845pt>
File: images/Meanex.png Graphic file (type png)
 <use images/Meanex.png>
Package pdftex.def Info: images/Meanex.png used on input line 386.
(pdftex.def)             Requested size: 398.34662pt x 191.3931pt.

Underfull \hbox (badness 10000) in paragraph at lines 387--387
[]\T1/txr/m/n/12 Rysunek 4.1: |Przepªyw ko-mu-nikacji w MEAN Stack ¹ródªo:
 []

<images/K-S.png, id=74, 453.19313pt x 189.70876pt>
File: images/K-S.png Graphic file (type png)
 <use images/K-S.png>
Package pdftex.def Info: images/K-S.png used on input line 394.
(pdftex.def)             Requested size: 398.34094pt x 166.74736pt.

Overfull \hbox (0.22945pt too wide) in paragraph at lines 391--398
\T1/txr/m/n/12 zawieraj[]cy warstw[] prezen-tacji ap-likacji, plik css zawieraj
[]cy styl warstwy prezen-
 []


Overfull \hbox (18.67345pt too wide) in paragraph at lines 391--398
\T1/txr/m/n/12 tacji, czy plik zawieraj[]cy funkcje wyko-rzysty-wane przez ap-l
ikacje w j[]zyku javaScript.
 []

[19 <./images/Meanex.png> <./images/K-S.png>]
<images/U-P-S-B.png, id=78, 453.19313pt x 261.22594pt>
File: images/U-P-S-B.png Graphic file (type png)

<use images/U-P-S-B.png>
Package pdftex.def Info: images/U-P-S-B.png used on input line 407.
(pdftex.def)             Requested size: 398.34094pt x 229.60847pt.

Overfull \hbox (1.88542pt too wide) in paragraph at lines 404--411
\T1/txr/m/n/12 specy-ficznego u»ytkown-ika wyko-rzys-tuje metod[] post. Przykªa
d-owe dane wymieni-
 []

[20 <./images/U-P-S-B.png>]
Overfull \hbox (2.68814pt too wide) in paragraph at lines 417--418
[]\T1/txr/m/n/12 Odpowied¹ na za-py-tanie bazo-danowe zostaje ode-brana i zosta
j[] przy-go-towane
 []

[21] [22] (D:\Pobrane\Texmaker\Miktex\tex\latex\listings\lstlang1.sty
File: lstlang1.sty 2015/06/04 1.6 listings language file
)
(D:\Pobrane\Texmaker\Miktex\tex\latex\listings\lstmisc.sty
File: lstmisc.sty 2015/06/04 1.6 (Carsten Heinz)
) [23] [24]
Overfull \hbox (3.18015pt too wide) in paragraph at lines 549--551
[]\T1/txr/m/n/12 fs - file stream, odpowiada za obsªug[] za-pisu oraz wczy-ty-w
a-nia plików. Wyko-
 []


Overfull \hbox (12.52814pt too wide) in paragraph at lines 549--551
\T1/txr/m/n/12 dex.htm (strona gªówna w for-ma-cie html), main.js (funkcje w j[
]zyku javaScript),
 []


Overfull \hbox (0.73215pt too wide) in paragraph at lines 554--555
[]\T1/txr/m/n/12 body-parser - dostar-cza mo»li-wo±¢ anal-i-zowa-nia danych, za
ª[]czonych do ode-
 []


Overfull \hbox (6.57616pt too wide) in paragraph at lines 554--555
\T1/txr/m/n/12 branego przez ser-wer »[]dania, wyko-rzys-tany zostaª w celu od-
czytu poszczegól-
 []

[25]
Overfull \hbox (14.05215pt too wide) in paragraph at lines 559--561
\T1/txr/m/n/12 adres zawieraj[]cych struktur[] w for-ma-cie json oraz ode-brani
e na nie odpowiedzi.
 []

[26]
Rozdzia\IeC {\l } 5.

Overfull \hbox (0.22945pt too wide) in paragraph at lines 574--578
\T1/txr/m/n/12 Na wyko-nanej ap-likacji zostaªy wyko-nane poni»sze testy, spraw
dzaj[]ce poprawno±¢
 []


Overfull \hbox (42.04944pt too wide) in paragraph at lines 574--578
\T1/txr/m/n/12 Google Chrome oraz skrypty node.js korzystaj[]ce z mod-uªu re-qu
est. Bardziej zaawansowan[]
 []


Overfull \hbox (8.85742pt too wide) in paragraph at lines 574--578
\T1/txr/m/n/12 technologi[] do testowa-nia ap-likacji we-bowych jest frame-work
 Se-le-nium, pozwalaj[]cy
 []

[27

] <images/12.png, id=105, 1153.30875pt x 435.12563pt>
File: images/12.png Graphic file (type png)
 <use images/12.png>
Package pdftex.def Info: images/12.png used on input line 584.
(pdftex.def)             Requested size: 398.3319pt x 150.28448pt.

<images/22.png, id=106, 1204.5pt x 456.95718pt>
File: images/22.png Graphic file (type png)
 <use images/22.png>
Package pdftex.def Info: images/22.png used on input line 593.
(pdftex.def)             Requested size: 398.33168pt x 151.11707pt.

<images/32.png, id=107, 1199.98312pt x 459.21562pt>
File: images/32.png Graphic file (type png)
 <use images/32.png>
Package pdftex.def Info: images/32.png used on input line 602.
(pdftex.def)             Requested size: 398.33937pt x 152.43852pt.

[28 <./images/12.png> <./images/22.png>] [29 <./images/32.png>]
<images/42.png, id=117, 1204.5pt x 460.72125pt>
File: images/42.png Graphic file (type png)
 <use images/42.png>
Package pdftex.def Info: images/42.png used on input line 613.
(pdftex.def)             Requested size: 398.33168pt x 152.36186pt.
 [30 <./images/42.png>] <images/52.png, id=123, 1204.5pt x 460.72125pt>
File: images/52.png Graphic file (type png)

<use images/52.png>
Package pdftex.def Info: images/52.png used on input line 625.
(pdftex.def)             Requested size: 398.33168pt x 152.36186pt.
 <images/53.png, id=124, 1029.09468pt x 575.90157pt>
File: images/53.png Graphic file (type png)

<use images/53.png>
Package pdftex.def Info: images/53.png used on input line 633.
(pdftex.def)             Requested size: 398.34608pt x 222.92229pt.
 [31 <./images/52.png> <./images/53.png>]
<images/62.png, id=130, 1204.5pt x 463.7325pt>
File: images/62.png Graphic file (type png)
 <use images/62.png>
Package pdftex.def Info: images/62.png used on input line 642.
(pdftex.def)             Requested size: 398.33168pt x 153.35768pt.

<images/63.png, id=131, 1029.09468pt x 575.90157pt>
File: images/63.png Graphic file (type png)
 <use images/63.png>
Package pdftex.def Info: images/63.png used on input line 651.
(pdftex.def)             Requested size: 398.34608pt x 222.92229pt.

[32 <./images/62.png> <./images/63.png>]
<images/72.png, id=137, 1528.20938pt x 578.16pt>
File: images/72.png Graphic file (type png)
 <use images/72.png>
Package pdftex.def Info: images/72.png used on input line 660.
(pdftex.def)             Requested size: 398.32777pt x 150.69739pt.

<images/02.png, id=138, 1521.43407pt x 575.90157pt>
File: images/02.png Graphic file (type png)
 <use images/02.png>
Package pdftex.def Info: images/02.png used on input line 671.
(pdftex.def)             Requested size: 398.32614pt x 150.77658pt.

[33 <./images/72.png> <./images/02.png>]
<images/82.png, id=144, 1522.18687pt x 573.64313pt>
File: images/82.png Graphic file (type png)
 <use images/82.png>
Package pdftex.def Info: images/82.png used on input line 681.
(pdftex.def)             Requested size: 398.33742pt x 150.11528pt.

<images/A2.png, id=145, 1204.5pt x 459.96844pt>
File: images/A2.png Graphic file (type png)
 <use images/A2.png>
Package pdftex.def Info: images/A2.png used on input line 690.
(pdftex.def)             Requested size: 398.33168pt x 152.1129pt.

Underfull \hbox (badness 1325) in paragraph at lines 692--692
[]|\T1/txr/m/n/12 Po za-l-o-gowa-niu si[] u»ytkownik wybiera opcje odrzuce-nia 
oczekuj[]cego za-
 []

[34 <./images/82.png> <./images/A2.png>]
<images/92.png, id=151, 1204.5pt x 462.97969pt>
File: images/92.png Graphic file (type png)
 <use images/92.png>
Package pdftex.def Info: images/92.png used on input line 699.
(pdftex.def)             Requested size: 398.33168pt x 153.10873pt.

Underfull \hbox (badness 2913) in paragraph at lines 702--702
[]|\T1/txr/m/n/12 Po za-l-o-gowa-niu si[] u»ytkownik wybiera opcje wyrzuce-nia 
u»ytkown-ika z
 []

File: images/A2.png Graphic file (type png)
<use images/A2.png>
Package pdftex.def Info: images/A2.png used on input line 708.
(pdftex.def)             Requested size: 398.33168pt x 152.1129pt.
 [35 <./images/92.png>]
<images/B2.png, id=156, 1204.5pt x 461.47406pt>
File: images/B2.png Graphic file (type png)
 <use images/B2.png>
Package pdftex.def Info: images/B2.png used on input line 718.
(pdftex.def)             Requested size: 398.33168pt x 152.61081pt.

<images/C2.png, id=157, 1516.91719pt x 575.90157pt>
File: images/C2.png Graphic file (type png)
 <use images/C2.png>
Package pdftex.def Info: images/C2.png used on input line 727.
(pdftex.def)             Requested size: 398.32404pt x 151.22475pt.

Underfull \hbox (badness 5475) in paragraph at lines 730--730
[]|\T1/txr/m/n/12 Po za-l-o-gowa-niu, wybra-niu odpowied-niej tabl-icy i za-ko«
c-zonego zada-nia
 []

[36 <./images/B2.png> <./images/C2.png>]
<images/D2.png, id=164, 1539.50156pt x 578.16pt>
File: images/D2.png Graphic file (type png)
 <use images/D2.png>
Package pdftex.def Info: images/D2.png used on input line 737.
(pdftex.def)             Requested size: 398.33472pt x 149.59465pt.

Underfull \hbox (badness 2237) in paragraph at lines 740--740
[]|\T1/txr/m/n/12 Po za-l-o-gowa-niu u»ytkownik wybiera opcje opuszczenia tabl-
icy, której jest
 []

<images/E2.png, id=165, 1536.49031pt x 578.16pt>
File: images/E2.png Graphic file (type png)
 <use images/E2.png>
Package pdftex.def Info: images/E2.png used on input line 746.
(pdftex.def)             Requested size: 398.32925pt x 149.88577pt.

Overfull \hbox (5.38943pt too wide) in paragraph at lines 752--753
\T1/txr/m/n/12 Przeprowadzone testy wyda-jno±-ciowe pozwalaj[] sprawdzi¢ za-cho
wanie ser-wisu przy
 []

[37 <./images/D2.png> <./images/E2.png>]
Overfull \hbox (1.24947pt too wide) in paragraph at lines 783--784
\T1/txr/m/n/12 Serwis ofer-uje peªn[] funkcjon-al-no±¢ przy ró»nych obci[]»enia
ch bazy danych. Mimo
 []


Overfull \hbox (4.77742pt too wide) in paragraph at lines 783--784
\T1/txr/m/n/12 du»ej ilo±ci posi-adanych in-for-ma-cji ko-rzys-tanie z ser-wisu
 jest kom-for-towe, poniewa»
 []


Overfull \hbox (20.80945pt too wide) in paragraph at lines 786--788
\T1/txr/m/n/12 Przeprowadzone testy pozwalaj[] okre±li¢ za-chowanie ap-likacji 
w przy-padku równoczes-
 []

[38]
Overfull \hbox (49.11745pt too wide) in paragraph at lines 789--800
 [] 
 []

[39]
Rozdzia\IeC {\l } 6.

Overfull \hbox (4.88545pt too wide) in paragraph at lines 828--846
\T1/txr/m/n/12 Wykonana ap-likacja speª-nia zadan[] w warunk-ach funkcjon-al-no
±¢. Zostaªy osi[]gni[]te
 []


Overfull \hbox (3.64946pt too wide) in paragraph at lines 828--846
\T1/txr/m/n/12 wisów in-ter-ne-towych poprzez u»y-cie asyn-chron-icznej ob-sªug
i we-j±-ci-a/wyj±-cia, które
 []

[40

] [41]
Underfull \hbox (badness 10000) in paragraph at lines 865--867
[]\T1/txr/m/n/12 Dokumentacja bib-lioteki libuv. Stan na dzie«: 2017-07-20
 []


Underfull \hbox (badness 10000) in paragraph at lines 868--870
[]\T1/txr/m/n/12 Dokumentacja Mon-goDB. Stan na dzie«: 2017-07-20
 []


Underfull \hbox (badness 1264) in paragraph at lines 880--882
[]\T1/txr/m/n/12 Porównanie tech-nologii Node.js i Ringojs. Stan na dzie«: 2017
-07-20
 []

[42

]
("C:\Users\Artur\Documents\Visual Studio 2015\Projects\NodeJs_Repo\thesis\build
\thesis.lof"
Overfull \hbox (20.82144pt too wide) in paragraph at lines 3--3
 [][] []\T1/txr/m/n/12 P[]tla zdarze« w ±rodowisku Node.js - ¹ródªo: https://st
ackoverflow.com/ 
 []


Overfull \hbox (11.83348pt too wide) in paragraph at lines 4--4
 [][] []\T1/txr/m/n/12 Model pro-gramowa-nia wspóª-bie»nego wyko-rzysty-wany pr
zez Node.js 
 []


Overfull \hbox (54.4694pt too wide) in paragraph at lines 5--5
 [][] []\T1/txr/m/n/12 Kody sta-tusu pro-tokoªu http - ¹ródªo: http://mokandra.
blogspot.fi/2015/10/http- 
 []


Overfull \hbox (88.76474pt too wide) in paragraph at lines 8--8
 [][] []\T1/txr/m/n/12 Przepªyw ko-mu-nikacji w MEAN Stack ¹ródªo: https://www.
dealfuel.com/seller/mean- 
 []

)
\tf@lof=\write4
\openout4 = `thesis.lof'.

 [43

]
("C:\Users\Artur\Documents\Visual Studio 2015\Projects\NodeJs_Repo\thesis\build
\thesis.aux")

LaTeX Warning: There were multiply-defined labels.

 ) 
Here is how much of TeX's memory you used:
 8235 strings out of 493323
 112883 string characters out of 3139523
 294591 words of memory out of 3000000
 11570 multiletter control sequences out of 15000+200000
 54180 words of font info for 79 fonts, out of 3000000 for 9000
 1141 hyphenation exceptions out of 8191
 40i,8n,77p,782b,1613s stack positions out of 5000i,500n,10000p,200000b,50000s
{D:/Pobrane/Texmaker/Miktex/fonts/enc/dvips/base/8r.enc}<D:/Pobrane/Texmaker/
Miktex/fonts/type1/public/txfonts/rtxi.pfb><D:/Pobrane/Texmaker/Miktex/fonts/ty
pe1/public/txfonts/rtxr.pfb><D:/Pobrane/Texmaker/Miktex/fonts/type1/public/txfo
nts/rtxsc.pfb><D:/Pobrane/Texmaker/Miktex/fonts/type1/public/txfonts/t1xbtt.pfb
><D:/Pobrane/Texmaker/Miktex/fonts/type1/public/txfonts/t1xtt.pfb><D:/Pobrane/T
exmaker/Miktex/fonts/type1/public/txfonts/txsy.pfb><D:/Pobrane/Texmaker/Miktex/
fonts/type1/urw/times/utmb8a.pfb><D:/Pobrane/Texmaker/Miktex/fonts/type1/urw/ti
mes/utmr8a.pfb><D:/Pobrane/Texmaker/Miktex/fonts/type1/urw/times/utmri8a.pfb>
Output written on "C:\Users\Artur\Documents\Visual Studio 2015\Projects\NodeJs_
Repo\thesis\build\thesis.pdf" (44 pages, 11893848 bytes).
PDF statistics:
 224 PDF objects out of 1000 (max. 8388607)
 0 named destinations out of 1000 (max. 500000)
 116 words of extra memory for PDF output out of 10000 (max. 10000000)

